CRITICAL - 2022-07-27 07:36:32 --> Undefined variable $r
in APPPATH\Views\siswaView.php on line 23.
 1 APPPATH\Views\siswaView.php(23): CodeIgniter\Debug\Exceptions->errorHandler(2, 'Undefined variable $r', 'APPPATH\\Views\\siswaView.php', 23)
 2 SYSTEMPATH\View\View.php(213): include('APPPATH\\Views\\siswaView.php')
 3 SYSTEMPATH\View\View.php(216): CodeIgniter\View\View->CodeIgniter\View\{closure}()
 4 SYSTEMPATH\Common.php(1135): CodeIgniter\View\View->render('siswaView', [], true)
 5 APPPATH\Controllers\siswa.php(10): view('siswaView', [...])
 6 SYSTEMPATH\CodeIgniter.php(896): App\Controllers\siswa->index()
 7 SYSTEMPATH\CodeIgniter.php(466): CodeIgniter\CodeIgniter->runController(Object(App\Controllers\siswa))
 8 SYSTEMPATH\CodeIgniter.php(349): CodeIgniter\CodeIgniter->handleRequest(null, Object(Config\Cache), false)
 9 FCPATH\index.php(55): CodeIgniter\CodeIgniter->run()
10 SYSTEMPATH\Commands\Server\rewrite.php(43): require_once('FCPATH\\index.php')
CRITICAL - 2022-07-27 07:37:46 --> Attempt to read property "nim" on array
in APPPATH\Views\siswaView.php on line 23.
 1 APPPATH\Views\siswaView.php(23): CodeIgniter\Debug\Exceptions->errorHandler(2, 'Attempt to read property "nim" on array', 'APPPATH\\Views\\siswaView.php', 23)
 2 SYSTEMPATH\View\View.php(213): include('APPPATH\\Views\\siswaView.php')
 3 SYSTEMPATH\View\View.php(216): CodeIgniter\View\View->CodeIgniter\View\{closure}()
 4 SYSTEMPATH\Common.php(1135): CodeIgniter\View\View->render('siswaView', [], true)
 5 APPPATH\Controllers\siswa.php(10): view('siswaView', [...])
 6 SYSTEMPATH\CodeIgniter.php(896): App\Controllers\siswa->index()
 7 SYSTEMPATH\CodeIgniter.php(466): CodeIgniter\CodeIgniter->runController(Object(App\Controllers\siswa))
 8 SYSTEMPATH\CodeIgniter.php(349): CodeIgniter\CodeIgniter->handleRequest(null, Object(Config\Cache), false)
 9 FCPATH\index.php(55): CodeIgniter\CodeIgniter->run()
10 SYSTEMPATH\Commands\Server\rewrite.php(43): require_once('FCPATH\\index.php')
CRITICAL - 2022-07-27 07:37:47 --> Attempt to read property "nim" on array
in APPPATH\Views\siswaView.php on line 23.
 1 APPPATH\Views\siswaView.php(23): CodeIgniter\Debug\Exceptions->errorHandler(2, 'Attempt to read property "nim" on array', 'APPPATH\\Views\\siswaView.php', 23)
 2 SYSTEMPATH\View\View.php(213): include('APPPATH\\Views\\siswaView.php')
 3 SYSTEMPATH\View\View.php(216): CodeIgniter\View\View->CodeIgniter\View\{closure}()
 4 SYSTEMPATH\Common.php(1135): CodeIgniter\View\View->render('siswaView', [], true)
 5 APPPATH\Controllers\siswa.php(10): view('siswaView', [...])
 6 SYSTEMPATH\CodeIgniter.php(896): App\Controllers\siswa->index()
 7 SYSTEMPATH\CodeIgniter.php(466): CodeIgniter\CodeIgniter->runController(Object(App\Controllers\siswa))
 8 SYSTEMPATH\CodeIgniter.php(349): CodeIgniter\CodeIgniter->handleRequest(null, Object(Config\Cache), false)
 9 FCPATH\index.php(55): CodeIgniter\CodeIgniter->run()
10 SYSTEMPATH\Commands\Server\rewrite.php(43): require_once('FCPATH\\index.php')
CRITICAL - 2022-07-27 07:39:08 --> Attempt to read property "nim" on array
in APPPATH\Views\siswaView.php on line 23.
 1 APPPATH\Views\siswaView.php(23): CodeIgniter\Debug\Exceptions->errorHandler(2, 'Attempt to read property "nim" on array', 'APPPATH\\Views\\siswaView.php', 23)
 2 SYSTEMPATH\View\View.php(213): include('APPPATH\\Views\\siswaView.php')
 3 SYSTEMPATH\View\View.php(216): CodeIgniter\View\View->CodeIgniter\View\{closure}()
 4 SYSTEMPATH\Common.php(1135): CodeIgniter\View\View->render('siswaView', [], true)
 5 APPPATH\Controllers\siswa.php(10): view('siswaView', [...])
 6 SYSTEMPATH\CodeIgniter.php(896): App\Controllers\siswa->index()
 7 SYSTEMPATH\CodeIgniter.php(466): CodeIgniter\CodeIgniter->runController(Object(App\Controllers\siswa))
 8 SYSTEMPATH\CodeIgniter.php(349): CodeIgniter\CodeIgniter->handleRequest(null, Object(Config\Cache), false)
 9 FCPATH\index.php(55): CodeIgniter\CodeIgniter->run()
10 SYSTEMPATH\Commands\Server\rewrite.php(43): require_once('FCPATH\\index.php')
CRITICAL - 2022-07-27 07:39:08 --> Attempt to read property "nim" on array
in APPPATH\Views\siswaView.php on line 23.
 1 APPPATH\Views\siswaView.php(23): CodeIgniter\Debug\Exceptions->errorHandler(2, 'Attempt to read property "nim" on array', 'APPPATH\\Views\\siswaView.php', 23)
 2 SYSTEMPATH\View\View.php(213): include('APPPATH\\Views\\siswaView.php')
 3 SYSTEMPATH\View\View.php(216): CodeIgniter\View\View->CodeIgniter\View\{closure}()
 4 SYSTEMPATH\Common.php(1135): CodeIgniter\View\View->render('siswaView', [], true)
 5 APPPATH\Controllers\siswa.php(10): view('siswaView', [...])
 6 SYSTEMPATH\CodeIgniter.php(896): App\Controllers\siswa->index()
 7 SYSTEMPATH\CodeIgniter.php(466): CodeIgniter\CodeIgniter->runController(Object(App\Controllers\siswa))
 8 SYSTEMPATH\CodeIgniter.php(349): CodeIgniter\CodeIgniter->handleRequest(null, Object(Config\Cache), false)
 9 FCPATH\index.php(55): CodeIgniter\CodeIgniter->run()
10 SYSTEMPATH\Commands\Server\rewrite.php(43): require_once('FCPATH\\index.php')
CRITICAL - 2022-07-27 07:39:09 --> Attempt to read property "nim" on array
in APPPATH\Views\siswaView.php on line 23.
 1 APPPATH\Views\siswaView.php(23): CodeIgniter\Debug\Exceptions->errorHandler(2, 'Attempt to read property "nim" on array', 'APPPATH\\Views\\siswaView.php', 23)
 2 SYSTEMPATH\View\View.php(213): include('APPPATH\\Views\\siswaView.php')
 3 SYSTEMPATH\View\View.php(216): CodeIgniter\View\View->CodeIgniter\View\{closure}()
 4 SYSTEMPATH\Common.php(1135): CodeIgniter\View\View->render('siswaView', [], true)
 5 APPPATH\Controllers\siswa.php(10): view('siswaView', [...])
 6 SYSTEMPATH\CodeIgniter.php(896): App\Controllers\siswa->index()
 7 SYSTEMPATH\CodeIgniter.php(466): CodeIgniter\CodeIgniter->runController(Object(App\Controllers\siswa))
 8 SYSTEMPATH\CodeIgniter.php(349): CodeIgniter\CodeIgniter->handleRequest(null, Object(Config\Cache), false)
 9 FCPATH\index.php(55): CodeIgniter\CodeIgniter->run()
10 SYSTEMPATH\Commands\Server\rewrite.php(43): require_once('FCPATH\\index.php')
CRITICAL - 2022-07-27 07:39:09 --> Attempt to read property "nim" on array
in APPPATH\Views\siswaView.php on line 23.
 1 APPPATH\Views\siswaView.php(23): CodeIgniter\Debug\Exceptions->errorHandler(2, 'Attempt to read property "nim" on array', 'APPPATH\\Views\\siswaView.php', 23)
 2 SYSTEMPATH\View\View.php(213): include('APPPATH\\Views\\siswaView.php')
 3 SYSTEMPATH\View\View.php(216): CodeIgniter\View\View->CodeIgniter\View\{closure}()
 4 SYSTEMPATH\Common.php(1135): CodeIgniter\View\View->render('siswaView', [], true)
 5 APPPATH\Controllers\siswa.php(10): view('siswaView', [...])
 6 SYSTEMPATH\CodeIgniter.php(896): App\Controllers\siswa->index()
 7 SYSTEMPATH\CodeIgniter.php(466): CodeIgniter\CodeIgniter->runController(Object(App\Controllers\siswa))
 8 SYSTEMPATH\CodeIgniter.php(349): CodeIgniter\CodeIgniter->handleRequest(null, Object(Config\Cache), false)
 9 FCPATH\index.php(55): CodeIgniter\CodeIgniter->run()
10 SYSTEMPATH\Commands\Server\rewrite.php(43): require_once('FCPATH\\index.php')
CRITICAL - 2022-07-27 07:44:29 --> Undefined variable $nim
in APPPATH\Views\siswaView.php on line 22.
 1 APPPATH\Views\siswaView.php(22): CodeIgniter\Debug\Exceptions->errorHandler(2, 'Undefined variable $nim', 'APPPATH\\Views\\siswaView.php', 22)
 2 SYSTEMPATH\View\View.php(213): include('APPPATH\\Views\\siswaView.php')
 3 SYSTEMPATH\View\View.php(216): CodeIgniter\View\View->CodeIgniter\View\{closure}()
 4 SYSTEMPATH\Common.php(1135): CodeIgniter\View\View->render('siswaView', [], true)
 5 APPPATH\Controllers\siswa.php(10): view('siswaView', [...])
 6 SYSTEMPATH\CodeIgniter.php(896): App\Controllers\siswa->index()
 7 SYSTEMPATH\CodeIgniter.php(466): CodeIgniter\CodeIgniter->runController(Object(App\Controllers\siswa))
 8 SYSTEMPATH\CodeIgniter.php(349): CodeIgniter\CodeIgniter->handleRequest(null, Object(Config\Cache), false)
 9 FCPATH\index.php(55): CodeIgniter\CodeIgniter->run()
10 SYSTEMPATH\Commands\Server\rewrite.php(43): require_once('FCPATH\\index.php')
CRITICAL - 2022-07-27 07:44:37 --> Undefined variable $nim
in APPPATH\Views\siswaView.php on line 22.
 1 APPPATH\Views\siswaView.php(22): CodeIgniter\Debug\Exceptions->errorHandler(2, 'Undefined variable $nim', 'APPPATH\\Views\\siswaView.php', 22)
 2 SYSTEMPATH\View\View.php(213): include('APPPATH\\Views\\siswaView.php')
 3 SYSTEMPATH\View\View.php(216): CodeIgniter\View\View->CodeIgniter\View\{closure}()
 4 SYSTEMPATH\Common.php(1135): CodeIgniter\View\View->render('siswaView', [], true)
 5 APPPATH\Controllers\siswa.php(10): view('siswaView', [...])
 6 SYSTEMPATH\CodeIgniter.php(896): App\Controllers\siswa->index()
 7 SYSTEMPATH\CodeIgniter.php(466): CodeIgniter\CodeIgniter->runController(Object(App\Controllers\siswa))
 8 SYSTEMPATH\CodeIgniter.php(349): CodeIgniter\CodeIgniter->handleRequest(null, Object(Config\Cache), false)
 9 FCPATH\index.php(55): CodeIgniter\CodeIgniter->run()
10 SYSTEMPATH\Commands\Server\rewrite.php(43): require_once('FCPATH\\index.php')
CRITICAL - 2022-07-27 07:44:38 --> Undefined variable $nim
in APPPATH\Views\siswaView.php on line 22.
 1 APPPATH\Views\siswaView.php(22): CodeIgniter\Debug\Exceptions->errorHandler(2, 'Undefined variable $nim', 'APPPATH\\Views\\siswaView.php', 22)
 2 SYSTEMPATH\View\View.php(213): include('APPPATH\\Views\\siswaView.php')
 3 SYSTEMPATH\View\View.php(216): CodeIgniter\View\View->CodeIgniter\View\{closure}()
 4 SYSTEMPATH\Common.php(1135): CodeIgniter\View\View->render('siswaView', [], true)
 5 APPPATH\Controllers\siswa.php(10): view('siswaView', [...])
 6 SYSTEMPATH\CodeIgniter.php(896): App\Controllers\siswa->index()
 7 SYSTEMPATH\CodeIgniter.php(466): CodeIgniter\CodeIgniter->runController(Object(App\Controllers\siswa))
 8 SYSTEMPATH\CodeIgniter.php(349): CodeIgniter\CodeIgniter->handleRequest(null, Object(Config\Cache), false)
 9 FCPATH\index.php(55): CodeIgniter\CodeIgniter->run()
10 SYSTEMPATH\Commands\Server\rewrite.php(43): require_once('FCPATH\\index.php')
CRITICAL - 2022-07-27 07:48:28 --> Attempt to read property "nama" on array
in APPPATH\Views\siswaView.php on line 24.
 1 APPPATH\Views\siswaView.php(24): CodeIgniter\Debug\Exceptions->errorHandler(2, 'Attempt to read property "nama" on array', 'APPPATH\\Views\\siswaView.php', 24)
 2 SYSTEMPATH\View\View.php(213): include('APPPATH\\Views\\siswaView.php')
 3 SYSTEMPATH\View\View.php(216): CodeIgniter\View\View->CodeIgniter\View\{closure}()
 4 SYSTEMPATH\Common.php(1135): CodeIgniter\View\View->render('siswaView', [], true)
 5 APPPATH\Controllers\siswa.php(10): view('siswaView', [...])
 6 SYSTEMPATH\CodeIgniter.php(896): App\Controllers\siswa->index()
 7 SYSTEMPATH\CodeIgniter.php(466): CodeIgniter\CodeIgniter->runController(Object(App\Controllers\siswa))
 8 SYSTEMPATH\CodeIgniter.php(349): CodeIgniter\CodeIgniter->handleRequest(null, Object(Config\Cache), false)
 9 FCPATH\index.php(55): CodeIgniter\CodeIgniter->run()
10 SYSTEMPATH\Commands\Server\rewrite.php(43): require_once('FCPATH\\index.php')
CRITICAL - 2022-07-27 08:34:22 --> syntax error, unexpected token "}", expecting ";"
in APPPATH\Controllers\siswa.php on line 26.
 1 SYSTEMPATH\Router\Router.php(499): CodeIgniter\Router\AutoRouter->getRoute('siswa/form_tambah')
 2 SYSTEMPATH\Router\Router.php(205): CodeIgniter\Router\Router->autoRoute('siswa/form_tambah')
 3 SYSTEMPATH\CodeIgniter.php(771): CodeIgniter\Router\Router->handle('siswa/form_tambah')
 4 SYSTEMPATH\CodeIgniter.php(415): CodeIgniter\CodeIgniter->tryToRouteIt(Object(CodeIgniter\Router\RouteCollection))
 5 SYSTEMPATH\CodeIgniter.php(349): CodeIgniter\CodeIgniter->handleRequest(null, Object(Config\Cache), false)
 6 FCPATH\index.php(55): CodeIgniter\CodeIgniter->run()
 7 SYSTEMPATH\Commands\Server\rewrite.php(43): require_once('FCPATH\\index.php')
ERROR - 2022-07-27 08:37:47 --> Duplicate entry '' for key 'PRIMARY'
CRITICAL - 2022-07-27 08:37:47 --> Duplicate entry '' for key 'PRIMARY'
in SYSTEMPATH\Database\MySQLi\Connection.php on line 292.
 1 SYSTEMPATH\Database\MySQLi\Connection.php(292): mysqli->query('INSERT INTO `siswa` (`nama`, `jenis_kelamin`, `tanggal_lahir`, `tempat_lahir`, `alamat`, `no_telp`) VALUES (\'indra\', \'p\', \'12-12-12\', \'sengkidu\', \'br kuanjindalung\', \'1109831\')', 0)
 2 SYSTEMPATH\Database\BaseConnection.php(695): CodeIgniter\Database\MySQLi\Connection->execute('INSERT INTO `siswa` (`nama`, `jenis_kelamin`, `tanggal_lahir`, `tempat_lahir`, `alamat`, `no_telp`) VALUES (\'indra\', \'p\', \'12-12-12\', \'sengkidu\', \'br kuanjindalung\', \'1109831\')')
 3 SYSTEMPATH\Database\BaseConnection.php(609): CodeIgniter\Database\BaseConnection->simpleQuery('INSERT INTO `siswa` (`nama`, `jenis_kelamin`, `tanggal_lahir`, `tempat_lahir`, `alamat`, `no_telp`) VALUES (\'indra\', \'p\', \'12-12-12\', \'sengkidu\', \'br kuanjindalung\', \'1109831\')')
 4 SYSTEMPATH\Database\BaseBuilder.php(1904): CodeIgniter\Database\BaseConnection->query('INSERT INTO `siswa` (`nama`, `jenis_kelamin`, `tanggal_lahir`, `tempat_lahir`, `alamat`, `no_telp`) VALUES (:nama:, :jenis_kelamin:, :tanggal_lahir:, :tempat_lahir:, :alamat:, :no_telp:)', [...], false)
 5 SYSTEMPATH\Model.php(278): CodeIgniter\Database\BaseBuilder->insert()
 6 SYSTEMPATH\BaseModel.php(738): CodeIgniter\Model->doInsert([...])
 7 SYSTEMPATH\Model.php(666): CodeIgniter\BaseModel->insert([...], true)
 8 APPPATH\Controllers\siswa.php(24): CodeIgniter\Model->insert([...])
 9 SYSTEMPATH\CodeIgniter.php(896): App\Controllers\siswa->tambah()
10 SYSTEMPATH\CodeIgniter.php(466): CodeIgniter\CodeIgniter->runController(Object(App\Controllers\siswa))
11 SYSTEMPATH\CodeIgniter.php(349): CodeIgniter\CodeIgniter->handleRequest(null, Object(Config\Cache), false)
12 FCPATH\index.php(55): CodeIgniter\CodeIgniter->run()
13 SYSTEMPATH\Commands\Server\rewrite.php(43): require_once('FCPATH\\index.php')
ERROR - 2022-07-27 08:38:50 --> Duplicate entry '' for key 'PRIMARY'
CRITICAL - 2022-07-27 08:38:50 --> Duplicate entry '' for key 'PRIMARY'
in SYSTEMPATH\Database\MySQLi\Connection.php on line 292.
 1 SYSTEMPATH\Database\MySQLi\Connection.php(292): mysqli->query('INSERT INTO `siswa` (`nama`, `jenis_kelamin`, `tanggal_lahir`, `tempat_lahir`, `alamat`, `no_telp`) VALUES (\'indra\', \'p\', \'12-12-12\', \'sengkidu\', \'br kuanjindalung\', \'1109831\')', 0)
 2 SYSTEMPATH\Database\BaseConnection.php(695): CodeIgniter\Database\MySQLi\Connection->execute('INSERT INTO `siswa` (`nama`, `jenis_kelamin`, `tanggal_lahir`, `tempat_lahir`, `alamat`, `no_telp`) VALUES (\'indra\', \'p\', \'12-12-12\', \'sengkidu\', \'br kuanjindalung\', \'1109831\')')
 3 SYSTEMPATH\Database\BaseConnection.php(609): CodeIgniter\Database\BaseConnection->simpleQuery('INSERT INTO `siswa` (`nama`, `jenis_kelamin`, `tanggal_lahir`, `tempat_lahir`, `alamat`, `no_telp`) VALUES (\'indra\', \'p\', \'12-12-12\', \'sengkidu\', \'br kuanjindalung\', \'1109831\')')
 4 SYSTEMPATH\Database\BaseBuilder.php(1904): CodeIgniter\Database\BaseConnection->query('INSERT INTO `siswa` (`nama`, `jenis_kelamin`, `tanggal_lahir`, `tempat_lahir`, `alamat`, `no_telp`) VALUES (:nama:, :jenis_kelamin:, :tanggal_lahir:, :tempat_lahir:, :alamat:, :no_telp:)', [...], false)
 5 SYSTEMPATH\Model.php(278): CodeIgniter\Database\BaseBuilder->insert()
 6 SYSTEMPATH\BaseModel.php(738): CodeIgniter\Model->doInsert([...])
 7 SYSTEMPATH\Model.php(666): CodeIgniter\BaseModel->insert([...], true)
 8 APPPATH\Controllers\siswa.php(24): CodeIgniter\Model->insert([...])
 9 SYSTEMPATH\CodeIgniter.php(896): App\Controllers\siswa->tambah()
10 SYSTEMPATH\CodeIgniter.php(466): CodeIgniter\CodeIgniter->runController(Object(App\Controllers\siswa))
11 SYSTEMPATH\CodeIgniter.php(349): CodeIgniter\CodeIgniter->handleRequest(null, Object(Config\Cache), false)
12 FCPATH\index.php(55): CodeIgniter\CodeIgniter->run()
13 SYSTEMPATH\Commands\Server\rewrite.php(43): require_once('FCPATH\\index.php')
ERROR - 2022-07-27 08:39:01 --> Duplicate entry '' for key 'PRIMARY'
CRITICAL - 2022-07-27 08:39:01 --> Duplicate entry '' for key 'PRIMARY'
in SYSTEMPATH\Database\MySQLi\Connection.php on line 292.
 1 SYSTEMPATH\Database\MySQLi\Connection.php(292): mysqli->query('INSERT INTO `siswa` (`nama`, `jenis_kelamin`, `tanggal_lahir`, `tempat_lahir`, `alamat`, `no_telp`) VALUES (\'ada\', \'dad\', \'ada\', \'dad\', \'ada\', \'dad\')', 0)
 2 SYSTEMPATH\Database\BaseConnection.php(695): CodeIgniter\Database\MySQLi\Connection->execute('INSERT INTO `siswa` (`nama`, `jenis_kelamin`, `tanggal_lahir`, `tempat_lahir`, `alamat`, `no_telp`) VALUES (\'ada\', \'dad\', \'ada\', \'dad\', \'ada\', \'dad\')')
 3 SYSTEMPATH\Database\BaseConnection.php(609): CodeIgniter\Database\BaseConnection->simpleQuery('INSERT INTO `siswa` (`nama`, `jenis_kelamin`, `tanggal_lahir`, `tempat_lahir`, `alamat`, `no_telp`) VALUES (\'ada\', \'dad\', \'ada\', \'dad\', \'ada\', \'dad\')')
 4 SYSTEMPATH\Database\BaseBuilder.php(1904): CodeIgniter\Database\BaseConnection->query('INSERT INTO `siswa` (`nama`, `jenis_kelamin`, `tanggal_lahir`, `tempat_lahir`, `alamat`, `no_telp`) VALUES (:nama:, :jenis_kelamin:, :tanggal_lahir:, :tempat_lahir:, :alamat:, :no_telp:)', [...], false)
 5 SYSTEMPATH\Model.php(278): CodeIgniter\Database\BaseBuilder->insert()
 6 SYSTEMPATH\BaseModel.php(738): CodeIgniter\Model->doInsert([...])
 7 SYSTEMPATH\Model.php(666): CodeIgniter\BaseModel->insert([...], true)
 8 APPPATH\Controllers\siswa.php(24): CodeIgniter\Model->insert([...])
 9 SYSTEMPATH\CodeIgniter.php(896): App\Controllers\siswa->tambah()
10 SYSTEMPATH\CodeIgniter.php(466): CodeIgniter\CodeIgniter->runController(Object(App\Controllers\siswa))
11 SYSTEMPATH\CodeIgniter.php(349): CodeIgniter\CodeIgniter->handleRequest(null, Object(Config\Cache), false)
12 FCPATH\index.php(55): CodeIgniter\CodeIgniter->run()
13 SYSTEMPATH\Commands\Server\rewrite.php(43): require_once('FCPATH\\index.php')
ERROR - 2022-07-27 08:39:51 --> Duplicate entry '' for key 'PRIMARY'
CRITICAL - 2022-07-27 08:39:51 --> Duplicate entry '' for key 'PRIMARY'
in SYSTEMPATH\Database\MySQLi\Connection.php on line 292.
 1 SYSTEMPATH\Database\MySQLi\Connection.php(292): mysqli->query('INSERT INTO `siswa` (`nama`, `jenis_kelamin`, `tanggal_lahir`, `tempat_lahir`, `alamat`, `no_telp`) VALUES (\'ada\', \'dad\', \'ada\', \'dad\', \'ada\', \'dad\')', 0)
 2 SYSTEMPATH\Database\BaseConnection.php(695): CodeIgniter\Database\MySQLi\Connection->execute('INSERT INTO `siswa` (`nama`, `jenis_kelamin`, `tanggal_lahir`, `tempat_lahir`, `alamat`, `no_telp`) VALUES (\'ada\', \'dad\', \'ada\', \'dad\', \'ada\', \'dad\')')
 3 SYSTEMPATH\Database\BaseConnection.php(609): CodeIgniter\Database\BaseConnection->simpleQuery('INSERT INTO `siswa` (`nama`, `jenis_kelamin`, `tanggal_lahir`, `tempat_lahir`, `alamat`, `no_telp`) VALUES (\'ada\', \'dad\', \'ada\', \'dad\', \'ada\', \'dad\')')
 4 SYSTEMPATH\Database\BaseBuilder.php(1904): CodeIgniter\Database\BaseConnection->query('INSERT INTO `siswa` (`nama`, `jenis_kelamin`, `tanggal_lahir`, `tempat_lahir`, `alamat`, `no_telp`) VALUES (:nama:, :jenis_kelamin:, :tanggal_lahir:, :tempat_lahir:, :alamat:, :no_telp:)', [...], false)
 5 SYSTEMPATH\Model.php(278): CodeIgniter\Database\BaseBuilder->insert()
 6 SYSTEMPATH\BaseModel.php(738): CodeIgniter\Model->doInsert([...])
 7 SYSTEMPATH\Model.php(666): CodeIgniter\BaseModel->insert([...], true)
 8 APPPATH\Controllers\siswa.php(24): CodeIgniter\Model->insert([...])
 9 SYSTEMPATH\CodeIgniter.php(896): App\Controllers\siswa->tambah()
10 SYSTEMPATH\CodeIgniter.php(466): CodeIgniter\CodeIgniter->runController(Object(App\Controllers\siswa))
11 SYSTEMPATH\CodeIgniter.php(349): CodeIgniter\CodeIgniter->handleRequest(null, Object(Config\Cache), false)
12 FCPATH\index.php(55): CodeIgniter\CodeIgniter->run()
13 SYSTEMPATH\Commands\Server\rewrite.php(43): require_once('FCPATH\\index.php')
