ERROR - 2022-07-28 05:47:18 --> Error connecting to the database: No connection could be made because the target machine actively refused it
CRITICAL - 2022-07-28 05:47:18 --> Unable to connect to the database.
Main connection [MySQLi]: No connection could be made because the target machine actively refused it
in SYSTEMPATH\Database\BaseConnection.php on line 416.
 1 SYSTEMPATH\Database\BaseConnection.php(586): CodeIgniter\Database\BaseConnection->initialize()
 2 SYSTEMPATH\Database\BaseBuilder.php(1585): CodeIgniter\Database\BaseConnection->query('SELECT *
FROM `siswa`', [], false)
 3 SYSTEMPATH\Model.php(222): CodeIgniter\Database\BaseBuilder->get()
 4 SYSTEMPATH\BaseModel.php(584): CodeIgniter\Model->doFindAll(0, 0)
 5 APPPATH\Controllers\siswa.php(9): CodeIgniter\BaseModel->findAll()
 6 SYSTEMPATH\CodeIgniter.php(896): App\Controllers\siswa->index()
 7 SYSTEMPATH\CodeIgniter.php(466): CodeIgniter\CodeIgniter->runController(Object(App\Controllers\siswa))
 8 SYSTEMPATH\CodeIgniter.php(349): CodeIgniter\CodeIgniter->handleRequest(null, Object(Config\Cache), false)
 9 FCPATH\index.php(55): CodeIgniter\CodeIgniter->run()
10 SYSTEMPATH\Commands\Server\rewrite.php(43): require_once('FCPATH\\index.php')
CRITICAL - 2022-07-28 06:09:18 --> Too few arguments to function App\Controllers\siswa::hapus(), 0 passed in C:\xampp\htdocs\crud codeigniter\system\CodeIgniter.php on line 896 and exactly 1 expected
in APPPATH\Controllers\siswa.php on line 34.
 1 SYSTEMPATH\CodeIgniter.php(896): App\Controllers\siswa->hapus()
 2 SYSTEMPATH\CodeIgniter.php(466): CodeIgniter\CodeIgniter->runController(Object(App\Controllers\siswa))
 3 SYSTEMPATH\CodeIgniter.php(349): CodeIgniter\CodeIgniter->handleRequest(null, Object(Config\Cache), false)
 4 FCPATH\index.php(55): CodeIgniter\CodeIgniter->run()
 5 SYSTEMPATH\Commands\Server\rewrite.php(43): require_once('FCPATH\\index.php')
CRITICAL - 2022-07-28 06:13:18 --> Too few arguments to function App\Controllers\siswa::form_ubah(), 0 passed in C:\xampp\htdocs\crud codeigniter\system\CodeIgniter.php on line 896 and exactly 1 expected
in APPPATH\Controllers\siswa.php on line 18.
 1 SYSTEMPATH\CodeIgniter.php(896): App\Controllers\siswa->form_ubah()
 2 SYSTEMPATH\CodeIgniter.php(466): CodeIgniter\CodeIgniter->runController(Object(App\Controllers\siswa))
 3 SYSTEMPATH\CodeIgniter.php(349): CodeIgniter\CodeIgniter->handleRequest(null, Object(Config\Cache), false)
 4 FCPATH\index.php(55): CodeIgniter\CodeIgniter->run()
 5 SYSTEMPATH\Commands\Server\rewrite.php(43): require_once('FCPATH\\index.php')
ERROR - 2022-07-28 06:15:09 --> Duplicate entry '' for key 'PRIMARY'
CRITICAL - 2022-07-28 06:15:09 --> Duplicate entry '' for key 'PRIMARY'
in SYSTEMPATH\Database\MySQLi\Connection.php on line 292.
 1 SYSTEMPATH\Database\MySQLi\Connection.php(292): mysqli->query('UPDATE `siswa` SET `nim` = \'\', `nama` = \'dad\', `jenis_kelamin` = \'adada\', `tanggal_lahir` = \'dada\', `tempat_lahir` = \'dadas\', `alamat` = \'dasd\', `no_telp` = \'asdasd\'
WHERE `siswa`.`nim` IN (\'a\')', 0)
 2 SYSTEMPATH\Database\BaseConnection.php(695): CodeIgniter\Database\MySQLi\Connection->execute('UPDATE `siswa` SET `nim` = \'\', `nama` = \'dad\', `jenis_kelamin` = \'adada\', `tanggal_lahir` = \'dada\', `tempat_lahir` = \'dadas\', `alamat` = \'dasd\', `no_telp` = \'asdasd\'
WHERE `siswa`.`nim` IN (\'a\')')
 3 SYSTEMPATH\Database\BaseConnection.php(609): CodeIgniter\Database\BaseConnection->simpleQuery('UPDATE `siswa` SET `nim` = \'\', `nama` = \'dad\', `jenis_kelamin` = \'adada\', `tanggal_lahir` = \'dada\', `tempat_lahir` = \'dadas\', `alamat` = \'dasd\', `no_telp` = \'asdasd\'
WHERE `siswa`.`nim` IN (\'a\')')
 4 SYSTEMPATH\Database\BaseBuilder.php(2046): CodeIgniter\Database\BaseConnection->query('UPDATE `siswa` SET `nim` = :nim:, `nama` = :nama:, `jenis_kelamin` = :jenis_kelamin:, `tanggal_lahir` = :tanggal_lahir:, `tempat_lahir` = :tempat_lahir:, `alamat` = :alamat:, `no_telp` = :no_telp:
WHERE `siswa`.`nim` IN :siswa.nim:', [...], false)
 5 SYSTEMPATH\Model.php(337): CodeIgniter\Database\BaseBuilder->update()
 6 SYSTEMPATH\BaseModel.php(865): CodeIgniter\Model->doUpdate([...], [...])
 7 SYSTEMPATH\Model.php(692): CodeIgniter\BaseModel->update([...], [...])
 8 APPPATH\Controllers\siswa.php(30): CodeIgniter\Model->update('a', [...])
 9 SYSTEMPATH\CodeIgniter.php(896): App\Controllers\siswa->ubah('a')
10 SYSTEMPATH\CodeIgniter.php(466): CodeIgniter\CodeIgniter->runController(Object(App\Controllers\siswa))
11 SYSTEMPATH\CodeIgniter.php(349): CodeIgniter\CodeIgniter->handleRequest(null, Object(Config\Cache), false)
12 FCPATH\index.php(55): CodeIgniter\CodeIgniter->run()
13 SYSTEMPATH\Commands\Server\rewrite.php(43): require_once('FCPATH\\index.php')
CRITICAL - 2022-07-28 06:15:19 --> Too few arguments to function App\Controllers\siswa::hapus(), 0 passed in C:\xampp\htdocs\crud codeigniter\system\CodeIgniter.php on line 896 and exactly 1 expected
in APPPATH\Controllers\siswa.php on line 34.
 1 SYSTEMPATH\CodeIgniter.php(896): App\Controllers\siswa->hapus()
 2 SYSTEMPATH\CodeIgniter.php(466): CodeIgniter\CodeIgniter->runController(Object(App\Controllers\siswa))
 3 SYSTEMPATH\CodeIgniter.php(349): CodeIgniter\CodeIgniter->handleRequest(null, Object(Config\Cache), false)
 4 FCPATH\index.php(55): CodeIgniter\CodeIgniter->run()
 5 SYSTEMPATH\Commands\Server\rewrite.php(43): require_once('FCPATH\\index.php')
CRITICAL - 2022-07-28 06:30:51 --> Call to a member function findAll() on null
in APPPATH\Controllers\blog.php on line 9.
 1 SYSTEMPATH\CodeIgniter.php(896): App\Controllers\blog->index()
 2 SYSTEMPATH\CodeIgniter.php(466): CodeIgniter\CodeIgniter->runController(Object(App\Controllers\blog))
 3 SYSTEMPATH\CodeIgniter.php(349): CodeIgniter\CodeIgniter->handleRequest(null, Object(Config\Cache), false)
 4 FCPATH\index.php(55): CodeIgniter\CodeIgniter->run()
 5 SYSTEMPATH\Commands\Server\rewrite.php(43): require_once('FCPATH\\index.php')
CRITICAL - 2022-07-28 06:42:12 --> Undefined variable $r
in APPPATH\Views\blogView.php on line 29.
 1 APPPATH\Views\blogView.php(29): CodeIgniter\Debug\Exceptions->errorHandler(2, 'Undefined variable $r', 'APPPATH\\Views\\blogView.php', 29)
 2 SYSTEMPATH\View\View.php(213): include('APPPATH\\Views\\blogView.php')
 3 SYSTEMPATH\View\View.php(216): CodeIgniter\View\View->CodeIgniter\View\{closure}()
 4 SYSTEMPATH\Common.php(1135): CodeIgniter\View\View->render('blogView', [], true)
 5 APPPATH\Controllers\blog.php(10): view('blogView', [...])
 6 SYSTEMPATH\CodeIgniter.php(896): App\Controllers\blog->index()
 7 SYSTEMPATH\CodeIgniter.php(466): CodeIgniter\CodeIgniter->runController(Object(App\Controllers\blog))
 8 SYSTEMPATH\CodeIgniter.php(349): CodeIgniter\CodeIgniter->handleRequest(null, Object(Config\Cache), false)
 9 FCPATH\index.php(55): CodeIgniter\CodeIgniter->run()
10 SYSTEMPATH\Commands\Server\rewrite.php(43): require_once('FCPATH\\index.php')
CRITICAL - 2022-07-28 06:43:04 --> Undefined variable $r
in APPPATH\Views\blogView.php on line 37.
 1 APPPATH\Views\blogView.php(37): CodeIgniter\Debug\Exceptions->errorHandler(2, 'Undefined variable $r', 'APPPATH\\Views\\blogView.php', 37)
 2 SYSTEMPATH\View\View.php(213): include('APPPATH\\Views\\blogView.php')
 3 SYSTEMPATH\View\View.php(216): CodeIgniter\View\View->CodeIgniter\View\{closure}()
 4 SYSTEMPATH\Common.php(1135): CodeIgniter\View\View->render('blogView', [], true)
 5 APPPATH\Controllers\blog.php(10): view('blogView', [...])
 6 SYSTEMPATH\CodeIgniter.php(896): App\Controllers\blog->index()
 7 SYSTEMPATH\CodeIgniter.php(466): CodeIgniter\CodeIgniter->runController(Object(App\Controllers\blog))
 8 SYSTEMPATH\CodeIgniter.php(349): CodeIgniter\CodeIgniter->handleRequest(null, Object(Config\Cache), false)
 9 FCPATH\index.php(55): CodeIgniter\CodeIgniter->run()
10 SYSTEMPATH\Commands\Server\rewrite.php(43): require_once('FCPATH\\index.php')
CRITICAL - 2022-07-28 07:29:23 --> Too few arguments to function App\Controllers\blog::blogEdit(), 0 passed in C:\xampp\htdocs\crud codeigniter\system\CodeIgniter.php on line 896 and exactly 1 expected
in APPPATH\Controllers\blog.php on line 18.
 1 SYSTEMPATH\CodeIgniter.php(896): App\Controllers\blog->blogEdit()
 2 SYSTEMPATH\CodeIgniter.php(466): CodeIgniter\CodeIgniter->runController(Object(App\Controllers\blog))
 3 SYSTEMPATH\CodeIgniter.php(349): CodeIgniter\CodeIgniter->handleRequest(null, Object(Config\Cache), false)
 4 FCPATH\index.php(55): CodeIgniter\CodeIgniter->run()
 5 SYSTEMPATH\Commands\Server\rewrite.php(43): require_once('FCPATH\\index.php')
CRITICAL - 2022-07-28 07:29:38 --> Undefined variable $r
in APPPATH\Views\blogView.php on line 82.
 1 APPPATH\Views\blogView.php(82): CodeIgniter\Debug\Exceptions->errorHandler(2, 'Undefined variable $r', 'APPPATH\\Views\\blogView.php', 82)
 2 SYSTEMPATH\View\View.php(213): include('APPPATH\\Views\\blogView.php')
 3 SYSTEMPATH\View\View.php(216): CodeIgniter\View\View->CodeIgniter\View\{closure}()
 4 SYSTEMPATH\Common.php(1135): CodeIgniter\View\View->render('blogView', [], true)
 5 APPPATH\Controllers\blog.php(10): view('blogView', [...])
 6 SYSTEMPATH\CodeIgniter.php(896): App\Controllers\blog->index()
 7 SYSTEMPATH\CodeIgniter.php(466): CodeIgniter\CodeIgniter->runController(Object(App\Controllers\blog))
 8 SYSTEMPATH\CodeIgniter.php(349): CodeIgniter\CodeIgniter->handleRequest(null, Object(Config\Cache), false)
 9 FCPATH\index.php(55): CodeIgniter\CodeIgniter->run()
10 SYSTEMPATH\Commands\Server\rewrite.php(43): require_once('FCPATH\\index.php')
CRITICAL - 2022-07-28 07:29:44 --> Undefined variable $r
in APPPATH\Views\blogView.php on line 82.
 1 APPPATH\Views\blogView.php(82): CodeIgniter\Debug\Exceptions->errorHandler(2, 'Undefined variable $r', 'APPPATH\\Views\\blogView.php', 82)
 2 SYSTEMPATH\View\View.php(213): include('APPPATH\\Views\\blogView.php')
 3 SYSTEMPATH\View\View.php(216): CodeIgniter\View\View->CodeIgniter\View\{closure}()
 4 SYSTEMPATH\Common.php(1135): CodeIgniter\View\View->render('blogView', [], true)
 5 APPPATH\Controllers\blog.php(10): view('blogView', [...])
 6 SYSTEMPATH\CodeIgniter.php(896): App\Controllers\blog->index()
 7 SYSTEMPATH\CodeIgniter.php(466): CodeIgniter\CodeIgniter->runController(Object(App\Controllers\blog))
 8 SYSTEMPATH\CodeIgniter.php(349): CodeIgniter\CodeIgniter->handleRequest(null, Object(Config\Cache), false)
 9 FCPATH\index.php(55): CodeIgniter\CodeIgniter->run()
10 SYSTEMPATH\Commands\Server\rewrite.php(43): require_once('FCPATH\\index.php')
CRITICAL - 2022-07-28 07:45:06 --> Undefined variable $r
in APPPATH\Views\blogView.php on line 86.
 1 APPPATH\Views\blogView.php(86): CodeIgniter\Debug\Exceptions->errorHandler(2, 'Undefined variable $r', 'APPPATH\\Views\\blogView.php', 86)
 2 SYSTEMPATH\View\View.php(213): include('APPPATH\\Views\\blogView.php')
 3 SYSTEMPATH\View\View.php(216): CodeIgniter\View\View->CodeIgniter\View\{closure}()
 4 SYSTEMPATH\Common.php(1135): CodeIgniter\View\View->render('blogView', [], true)
 5 APPPATH\Controllers\blog.php(10): view('blogView', [...])
 6 SYSTEMPATH\CodeIgniter.php(896): App\Controllers\blog->index()
 7 SYSTEMPATH\CodeIgniter.php(466): CodeIgniter\CodeIgniter->runController(Object(App\Controllers\blog))
 8 SYSTEMPATH\CodeIgniter.php(349): CodeIgniter\CodeIgniter->handleRequest(null, Object(Config\Cache), false)
 9 FCPATH\index.php(55): CodeIgniter\CodeIgniter->run()
10 SYSTEMPATH\Commands\Server\rewrite.php(43): require_once('FCPATH\\index.php')
CRITICAL - 2022-07-28 07:46:36 --> Undefined array key "nim"
in APPPATH\Views\blogView.php on line 124.
 1 APPPATH\Views\blogView.php(124): CodeIgniter\Debug\Exceptions->errorHandler(2, 'Undefined array key "nim"', 'APPPATH\\Views\\blogView.php', 124)
 2 SYSTEMPATH\View\View.php(213): include('APPPATH\\Views\\blogView.php')
 3 SYSTEMPATH\View\View.php(216): CodeIgniter\View\View->CodeIgniter\View\{closure}()
 4 SYSTEMPATH\Common.php(1135): CodeIgniter\View\View->render('blogView', [], true)
 5 APPPATH\Controllers\blog.php(10): view('blogView', [...])
 6 SYSTEMPATH\CodeIgniter.php(896): App\Controllers\blog->index()
 7 SYSTEMPATH\CodeIgniter.php(466): CodeIgniter\CodeIgniter->runController(Object(App\Controllers\blog))
 8 SYSTEMPATH\CodeIgniter.php(349): CodeIgniter\CodeIgniter->handleRequest(null, Object(Config\Cache), false)
 9 FCPATH\index.php(55): CodeIgniter\CodeIgniter->run()
10 SYSTEMPATH\Commands\Server\rewrite.php(43): require_once('FCPATH\\index.php')
CRITICAL - 2022-07-28 08:57:42 --> Trying to access array offset on value of type null
in APPPATH\Views\blogEdit.php on line 13.
 1 APPPATH\Views\blogEdit.php(13): CodeIgniter\Debug\Exceptions->errorHandler(2, 'Trying to access array offset on value of type null', 'APPPATH\\Views\\blogEdit.php', 13)
 2 SYSTEMPATH\View\View.php(213): include('APPPATH\\Views\\blogEdit.php')
 3 SYSTEMPATH\View\View.php(216): CodeIgniter\View\View->CodeIgniter\View\{closure}()
 4 SYSTEMPATH\Common.php(1135): CodeIgniter\View\View->render('blogEdit', [], true)
 5 APPPATH\Controllers\blog.php(20): view('blogEdit', [...])
 6 SYSTEMPATH\CodeIgniter.php(896): App\Controllers\blog->blogEdit('style.css')
 7 SYSTEMPATH\CodeIgniter.php(466): CodeIgniter\CodeIgniter->runController(Object(App\Controllers\blog))
 8 SYSTEMPATH\CodeIgniter.php(349): CodeIgniter\CodeIgniter->handleRequest(null, Object(Config\Cache), false)
 9 FCPATH\index.php(55): CodeIgniter\CodeIgniter->run()
10 SYSTEMPATH\Commands\Server\rewrite.php(43): require_once('FCPATH\\index.php')
CRITICAL - 2022-07-28 08:58:11 --> Trying to access array offset on value of type null
in APPPATH\Views\blogEdit.php on line 13.
 1 APPPATH\Views\blogEdit.php(13): CodeIgniter\Debug\Exceptions->errorHandler(2, 'Trying to access array offset on value of type null', 'APPPATH\\Views\\blogEdit.php', 13)
 2 SYSTEMPATH\View\View.php(213): include('APPPATH\\Views\\blogEdit.php')
 3 SYSTEMPATH\View\View.php(216): CodeIgniter\View\View->CodeIgniter\View\{closure}()
 4 SYSTEMPATH\Common.php(1135): CodeIgniter\View\View->render('blogEdit', [], true)
 5 APPPATH\Controllers\blog.php(20): view('blogEdit', [...])
 6 SYSTEMPATH\CodeIgniter.php(896): App\Controllers\blog->blogEdit('style.css')
 7 SYSTEMPATH\CodeIgniter.php(466): CodeIgniter\CodeIgniter->runController(Object(App\Controllers\blog))
 8 SYSTEMPATH\CodeIgniter.php(349): CodeIgniter\CodeIgniter->handleRequest(null, Object(Config\Cache), false)
 9 FCPATH\index.php(55): CodeIgniter\CodeIgniter->run()
10 SYSTEMPATH\Commands\Server\rewrite.php(43): require_once('FCPATH\\index.php')
CRITICAL - 2022-07-28 08:58:12 --> Trying to access array offset on value of type null
in APPPATH\Views\blogEdit.php on line 13.
 1 APPPATH\Views\blogEdit.php(13): CodeIgniter\Debug\Exceptions->errorHandler(2, 'Trying to access array offset on value of type null', 'APPPATH\\Views\\blogEdit.php', 13)
 2 SYSTEMPATH\View\View.php(213): include('APPPATH\\Views\\blogEdit.php')
 3 SYSTEMPATH\View\View.php(216): CodeIgniter\View\View->CodeIgniter\View\{closure}()
 4 SYSTEMPATH\Common.php(1135): CodeIgniter\View\View->render('blogEdit', [], true)
 5 APPPATH\Controllers\blog.php(20): view('blogEdit', [...])
 6 SYSTEMPATH\CodeIgniter.php(896): App\Controllers\blog->blogEdit('style.css')
 7 SYSTEMPATH\CodeIgniter.php(466): CodeIgniter\CodeIgniter->runController(Object(App\Controllers\blog))
 8 SYSTEMPATH\CodeIgniter.php(349): CodeIgniter\CodeIgniter->handleRequest(null, Object(Config\Cache), false)
 9 FCPATH\index.php(55): CodeIgniter\CodeIgniter->run()
10 SYSTEMPATH\Commands\Server\rewrite.php(43): require_once('FCPATH\\index.php')
CRITICAL - 2022-07-28 08:58:24 --> Trying to access array offset on value of type null
in APPPATH\Views\blogEdit.php on line 13.
 1 APPPATH\Views\blogEdit.php(13): CodeIgniter\Debug\Exceptions->errorHandler(2, 'Trying to access array offset on value of type null', 'APPPATH\\Views\\blogEdit.php', 13)
 2 SYSTEMPATH\View\View.php(213): include('APPPATH\\Views\\blogEdit.php')
 3 SYSTEMPATH\View\View.php(216): CodeIgniter\View\View->CodeIgniter\View\{closure}()
 4 SYSTEMPATH\Common.php(1135): CodeIgniter\View\View->render('blogEdit', [], true)
 5 APPPATH\Controllers\blog.php(20): view('blogEdit', [...])
 6 SYSTEMPATH\CodeIgniter.php(896): App\Controllers\blog->blogEdit('style.css')
 7 SYSTEMPATH\CodeIgniter.php(466): CodeIgniter\CodeIgniter->runController(Object(App\Controllers\blog))
 8 SYSTEMPATH\CodeIgniter.php(349): CodeIgniter\CodeIgniter->handleRequest(null, Object(Config\Cache), false)
 9 FCPATH\index.php(55): CodeIgniter\CodeIgniter->run()
10 SYSTEMPATH\Commands\Server\rewrite.php(43): require_once('FCPATH\\index.php')
CRITICAL - 2022-07-28 08:58:24 --> Trying to access array offset on value of type null
in APPPATH\Views\blogEdit.php on line 13.
 1 APPPATH\Views\blogEdit.php(13): CodeIgniter\Debug\Exceptions->errorHandler(2, 'Trying to access array offset on value of type null', 'APPPATH\\Views\\blogEdit.php', 13)
 2 SYSTEMPATH\View\View.php(213): include('APPPATH\\Views\\blogEdit.php')
 3 SYSTEMPATH\View\View.php(216): CodeIgniter\View\View->CodeIgniter\View\{closure}()
 4 SYSTEMPATH\Common.php(1135): CodeIgniter\View\View->render('blogEdit', [], true)
 5 APPPATH\Controllers\blog.php(20): view('blogEdit', [...])
 6 SYSTEMPATH\CodeIgniter.php(896): App\Controllers\blog->blogEdit('style.css')
 7 SYSTEMPATH\CodeIgniter.php(466): CodeIgniter\CodeIgniter->runController(Object(App\Controllers\blog))
 8 SYSTEMPATH\CodeIgniter.php(349): CodeIgniter\CodeIgniter->handleRequest(null, Object(Config\Cache), false)
 9 FCPATH\index.php(55): CodeIgniter\CodeIgniter->run()
10 SYSTEMPATH\Commands\Server\rewrite.php(43): require_once('FCPATH\\index.php')
CRITICAL - 2022-07-28 08:58:25 --> Trying to access array offset on value of type null
in APPPATH\Views\blogEdit.php on line 13.
 1 APPPATH\Views\blogEdit.php(13): CodeIgniter\Debug\Exceptions->errorHandler(2, 'Trying to access array offset on value of type null', 'APPPATH\\Views\\blogEdit.php', 13)
 2 SYSTEMPATH\View\View.php(213): include('APPPATH\\Views\\blogEdit.php')
 3 SYSTEMPATH\View\View.php(216): CodeIgniter\View\View->CodeIgniter\View\{closure}()
 4 SYSTEMPATH\Common.php(1135): CodeIgniter\View\View->render('blogEdit', [], true)
 5 APPPATH\Controllers\blog.php(20): view('blogEdit', [...])
 6 SYSTEMPATH\CodeIgniter.php(896): App\Controllers\blog->blogEdit('style.css')
 7 SYSTEMPATH\CodeIgniter.php(466): CodeIgniter\CodeIgniter->runController(Object(App\Controllers\blog))
 8 SYSTEMPATH\CodeIgniter.php(349): CodeIgniter\CodeIgniter->handleRequest(null, Object(Config\Cache), false)
 9 FCPATH\index.php(55): CodeIgniter\CodeIgniter->run()
10 SYSTEMPATH\Commands\Server\rewrite.php(43): require_once('FCPATH\\index.php')
CRITICAL - 2022-07-28 08:58:32 --> Trying to access array offset on value of type null
in APPPATH\Views\blogEdit.php on line 13.
 1 APPPATH\Views\blogEdit.php(13): CodeIgniter\Debug\Exceptions->errorHandler(2, 'Trying to access array offset on value of type null', 'APPPATH\\Views\\blogEdit.php', 13)
 2 SYSTEMPATH\View\View.php(213): include('APPPATH\\Views\\blogEdit.php')
 3 SYSTEMPATH\View\View.php(216): CodeIgniter\View\View->CodeIgniter\View\{closure}()
 4 SYSTEMPATH\Common.php(1135): CodeIgniter\View\View->render('blogEdit', [], true)
 5 APPPATH\Controllers\blog.php(20): view('blogEdit', [...])
 6 SYSTEMPATH\CodeIgniter.php(896): App\Controllers\blog->blogEdit('style.css')
 7 SYSTEMPATH\CodeIgniter.php(466): CodeIgniter\CodeIgniter->runController(Object(App\Controllers\blog))
 8 SYSTEMPATH\CodeIgniter.php(349): CodeIgniter\CodeIgniter->handleRequest(null, Object(Config\Cache), false)
 9 FCPATH\index.php(55): CodeIgniter\CodeIgniter->run()
10 SYSTEMPATH\Commands\Server\rewrite.php(43): require_once('FCPATH\\index.php')
CRITICAL - 2022-07-28 08:58:33 --> Trying to access array offset on value of type null
in APPPATH\Views\blogEdit.php on line 13.
 1 APPPATH\Views\blogEdit.php(13): CodeIgniter\Debug\Exceptions->errorHandler(2, 'Trying to access array offset on value of type null', 'APPPATH\\Views\\blogEdit.php', 13)
 2 SYSTEMPATH\View\View.php(213): include('APPPATH\\Views\\blogEdit.php')
 3 SYSTEMPATH\View\View.php(216): CodeIgniter\View\View->CodeIgniter\View\{closure}()
 4 SYSTEMPATH\Common.php(1135): CodeIgniter\View\View->render('blogEdit', [], true)
 5 APPPATH\Controllers\blog.php(20): view('blogEdit', [...])
 6 SYSTEMPATH\CodeIgniter.php(896): App\Controllers\blog->blogEdit('style.css')
 7 SYSTEMPATH\CodeIgniter.php(466): CodeIgniter\CodeIgniter->runController(Object(App\Controllers\blog))
 8 SYSTEMPATH\CodeIgniter.php(349): CodeIgniter\CodeIgniter->handleRequest(null, Object(Config\Cache), false)
 9 FCPATH\index.php(55): CodeIgniter\CodeIgniter->run()
10 SYSTEMPATH\Commands\Server\rewrite.php(43): require_once('FCPATH\\index.php')
CRITICAL - 2022-07-28 08:58:33 --> Trying to access array offset on value of type null
in APPPATH\Views\blogEdit.php on line 13.
 1 APPPATH\Views\blogEdit.php(13): CodeIgniter\Debug\Exceptions->errorHandler(2, 'Trying to access array offset on value of type null', 'APPPATH\\Views\\blogEdit.php', 13)
 2 SYSTEMPATH\View\View.php(213): include('APPPATH\\Views\\blogEdit.php')
 3 SYSTEMPATH\View\View.php(216): CodeIgniter\View\View->CodeIgniter\View\{closure}()
 4 SYSTEMPATH\Common.php(1135): CodeIgniter\View\View->render('blogEdit', [], true)
 5 APPPATH\Controllers\blog.php(20): view('blogEdit', [...])
 6 SYSTEMPATH\CodeIgniter.php(896): App\Controllers\blog->blogEdit('style.css')
 7 SYSTEMPATH\CodeIgniter.php(466): CodeIgniter\CodeIgniter->runController(Object(App\Controllers\blog))
 8 SYSTEMPATH\CodeIgniter.php(349): CodeIgniter\CodeIgniter->handleRequest(null, Object(Config\Cache), false)
 9 FCPATH\index.php(55): CodeIgniter\CodeIgniter->run()
10 SYSTEMPATH\Commands\Server\rewrite.php(43): require_once('FCPATH\\index.php')
CRITICAL - 2022-07-28 08:58:33 --> Trying to access array offset on value of type null
in APPPATH\Views\blogEdit.php on line 13.
 1 APPPATH\Views\blogEdit.php(13): CodeIgniter\Debug\Exceptions->errorHandler(2, 'Trying to access array offset on value of type null', 'APPPATH\\Views\\blogEdit.php', 13)
 2 SYSTEMPATH\View\View.php(213): include('APPPATH\\Views\\blogEdit.php')
 3 SYSTEMPATH\View\View.php(216): CodeIgniter\View\View->CodeIgniter\View\{closure}()
 4 SYSTEMPATH\Common.php(1135): CodeIgniter\View\View->render('blogEdit', [], true)
 5 APPPATH\Controllers\blog.php(20): view('blogEdit', [...])
 6 SYSTEMPATH\CodeIgniter.php(896): App\Controllers\blog->blogEdit('style.css')
 7 SYSTEMPATH\CodeIgniter.php(466): CodeIgniter\CodeIgniter->runController(Object(App\Controllers\blog))
 8 SYSTEMPATH\CodeIgniter.php(349): CodeIgniter\CodeIgniter->handleRequest(null, Object(Config\Cache), false)
 9 FCPATH\index.php(55): CodeIgniter\CodeIgniter->run()
10 SYSTEMPATH\Commands\Server\rewrite.php(43): require_once('FCPATH\\index.php')
CRITICAL - 2022-07-28 08:58:43 --> Trying to access array offset on value of type null
in APPPATH\Views\blogEdit.php on line 13.
 1 APPPATH\Views\blogEdit.php(13): CodeIgniter\Debug\Exceptions->errorHandler(2, 'Trying to access array offset on value of type null', 'APPPATH\\Views\\blogEdit.php', 13)
 2 SYSTEMPATH\View\View.php(213): include('APPPATH\\Views\\blogEdit.php')
 3 SYSTEMPATH\View\View.php(216): CodeIgniter\View\View->CodeIgniter\View\{closure}()
 4 SYSTEMPATH\Common.php(1135): CodeIgniter\View\View->render('blogEdit', [], true)
 5 APPPATH\Controllers\blog.php(20): view('blogEdit', [...])
 6 SYSTEMPATH\CodeIgniter.php(896): App\Controllers\blog->blogEdit('style.css')
 7 SYSTEMPATH\CodeIgniter.php(466): CodeIgniter\CodeIgniter->runController(Object(App\Controllers\blog))
 8 SYSTEMPATH\CodeIgniter.php(349): CodeIgniter\CodeIgniter->handleRequest(null, Object(Config\Cache), false)
 9 FCPATH\index.php(55): CodeIgniter\CodeIgniter->run()
10 SYSTEMPATH\Commands\Server\rewrite.php(43): require_once('FCPATH\\index.php')
ERROR - 2022-07-28 09:32:40 --> Error connecting to the database: No connection could be made because the target machine actively refused it
CRITICAL - 2022-07-28 09:32:40 --> Unable to connect to the database.
Main connection [MySQLi]: No connection could be made because the target machine actively refused it
in SYSTEMPATH\Database\BaseConnection.php on line 416.
 1 SYSTEMPATH\Database\BaseConnection.php(586): CodeIgniter\Database\BaseConnection->initialize()
 2 SYSTEMPATH\Database\BaseBuilder.php(1585): CodeIgniter\Database\BaseConnection->query('SELECT *
FROM `blog`', [], false)
 3 SYSTEMPATH\Model.php(222): CodeIgniter\Database\BaseBuilder->get()
 4 SYSTEMPATH\BaseModel.php(584): CodeIgniter\Model->doFindAll(0, 0)
 5 APPPATH\Controllers\blog.php(9): CodeIgniter\BaseModel->findAll()
 6 SYSTEMPATH\CodeIgniter.php(896): App\Controllers\blog->index()
 7 SYSTEMPATH\CodeIgniter.php(466): CodeIgniter\CodeIgniter->runController(Object(App\Controllers\blog))
 8 SYSTEMPATH\CodeIgniter.php(349): CodeIgniter\CodeIgniter->handleRequest(null, Object(Config\Cache), false)
 9 FCPATH\index.php(55): CodeIgniter\CodeIgniter->run()
10 SYSTEMPATH\Commands\Server\rewrite.php(43): require_once('FCPATH\\index.php')
ERROR - 2022-07-28 09:32:45 --> Error connecting to the database: No connection could be made because the target machine actively refused it
CRITICAL - 2022-07-28 09:32:45 --> Unable to connect to the database.
Main connection [MySQLi]: No connection could be made because the target machine actively refused it
in SYSTEMPATH\Database\BaseConnection.php on line 416.
 1 SYSTEMPATH\Database\BaseConnection.php(586): CodeIgniter\Database\BaseConnection->initialize()
 2 SYSTEMPATH\Database\BaseBuilder.php(1585): CodeIgniter\Database\BaseConnection->query('SELECT *
FROM `blog`', [], false)
 3 SYSTEMPATH\Model.php(222): CodeIgniter\Database\BaseBuilder->get()
 4 SYSTEMPATH\BaseModel.php(584): CodeIgniter\Model->doFindAll(0, 0)
 5 APPPATH\Controllers\blog.php(9): CodeIgniter\BaseModel->findAll()
 6 SYSTEMPATH\CodeIgniter.php(896): App\Controllers\blog->index()
 7 SYSTEMPATH\CodeIgniter.php(466): CodeIgniter\CodeIgniter->runController(Object(App\Controllers\blog))
 8 SYSTEMPATH\CodeIgniter.php(349): CodeIgniter\CodeIgniter->handleRequest(null, Object(Config\Cache), false)
 9 FCPATH\index.php(55): CodeIgniter\CodeIgniter->run()
10 SYSTEMPATH\Commands\Server\rewrite.php(43): require_once('FCPATH\\index.php')
CRITICAL - 2022-07-28 09:38:28 --> Cannot access offset of type string on string
in APPPATH\Views\blogVisit.php on line 91.
 1 SYSTEMPATH\View\View.php(213): include()
 2 SYSTEMPATH\View\View.php(216): CodeIgniter\View\View->CodeIgniter\View\{closure}()
 3 SYSTEMPATH\Common.php(1135): CodeIgniter\View\View->render('blogVisit', [], true)
 4 APPPATH\Controllers\blog.php(25): view('blogVisit', [...])
 5 SYSTEMPATH\CodeIgniter.php(896): App\Controllers\blog->blogVisit('1')
 6 SYSTEMPATH\CodeIgniter.php(466): CodeIgniter\CodeIgniter->runController(Object(App\Controllers\blog))
 7 SYSTEMPATH\CodeIgniter.php(349): CodeIgniter\CodeIgniter->handleRequest(null, Object(Config\Cache), false)
 8 FCPATH\index.php(55): CodeIgniter\CodeIgniter->run()
 9 SYSTEMPATH\Commands\Server\rewrite.php(43): require_once('FCPATH\\index.php')
CRITICAL - 2022-07-28 09:39:50 --> Cannot access offset of type string on string
in APPPATH\Views\blogVisit.php on line 92.
 1 SYSTEMPATH\View\View.php(213): include()
 2 SYSTEMPATH\View\View.php(216): CodeIgniter\View\View->CodeIgniter\View\{closure}()
 3 SYSTEMPATH\Common.php(1135): CodeIgniter\View\View->render('blogVisit', [], true)
 4 APPPATH\Controllers\blog.php(25): view('blogVisit', [...])
 5 SYSTEMPATH\CodeIgniter.php(896): App\Controllers\blog->blogVisit('1')
 6 SYSTEMPATH\CodeIgniter.php(466): CodeIgniter\CodeIgniter->runController(Object(App\Controllers\blog))
 7 SYSTEMPATH\CodeIgniter.php(349): CodeIgniter\CodeIgniter->handleRequest(null, Object(Config\Cache), false)
 8 FCPATH\index.php(55): CodeIgniter\CodeIgniter->run()
 9 SYSTEMPATH\Commands\Server\rewrite.php(43): require_once('FCPATH\\index.php')
CRITICAL - 2022-07-28 09:41:59 --> Cannot access offset of type string on string
in APPPATH\Views\blogVisit.php on line 15.
 1 SYSTEMPATH\View\View.php(213): include()
 2 SYSTEMPATH\View\View.php(216): CodeIgniter\View\View->CodeIgniter\View\{closure}()
 3 SYSTEMPATH\Common.php(1135): CodeIgniter\View\View->render('blogVisit', [], true)
 4 APPPATH\Controllers\blog.php(25): view('blogVisit', [...])
 5 SYSTEMPATH\CodeIgniter.php(896): App\Controllers\blog->blogVisit('1')
 6 SYSTEMPATH\CodeIgniter.php(466): CodeIgniter\CodeIgniter->runController(Object(App\Controllers\blog))
 7 SYSTEMPATH\CodeIgniter.php(349): CodeIgniter\CodeIgniter->handleRequest(null, Object(Config\Cache), false)
 8 FCPATH\index.php(55): CodeIgniter\CodeIgniter->run()
 9 SYSTEMPATH\Commands\Server\rewrite.php(43): require_once('FCPATH\\index.php')
CRITICAL - 2022-07-28 09:42:00 --> Cannot access offset of type string on string
in APPPATH\Views\blogVisit.php on line 15.
 1 SYSTEMPATH\View\View.php(213): include()
 2 SYSTEMPATH\View\View.php(216): CodeIgniter\View\View->CodeIgniter\View\{closure}()
 3 SYSTEMPATH\Common.php(1135): CodeIgniter\View\View->render('blogVisit', [], true)
 4 APPPATH\Controllers\blog.php(25): view('blogVisit', [...])
 5 SYSTEMPATH\CodeIgniter.php(896): App\Controllers\blog->blogVisit('1')
 6 SYSTEMPATH\CodeIgniter.php(466): CodeIgniter\CodeIgniter->runController(Object(App\Controllers\blog))
 7 SYSTEMPATH\CodeIgniter.php(349): CodeIgniter\CodeIgniter->handleRequest(null, Object(Config\Cache), false)
 8 FCPATH\index.php(55): CodeIgniter\CodeIgniter->run()
 9 SYSTEMPATH\Commands\Server\rewrite.php(43): require_once('FCPATH\\index.php')
CRITICAL - 2022-07-28 09:46:41 --> Cannot access offset of type string on string
in APPPATH\Views\blogVisit.php on line 15.
 1 SYSTEMPATH\View\View.php(213): include()
 2 SYSTEMPATH\View\View.php(216): CodeIgniter\View\View->CodeIgniter\View\{closure}()
 3 SYSTEMPATH\Common.php(1135): CodeIgniter\View\View->render('blogVisit', [], true)
 4 APPPATH\Controllers\blog.php(25): view('blogVisit', [...])
 5 SYSTEMPATH\CodeIgniter.php(896): App\Controllers\blog->blogVisit('23')
 6 SYSTEMPATH\CodeIgniter.php(466): CodeIgniter\CodeIgniter->runController(Object(App\Controllers\blog))
 7 SYSTEMPATH\CodeIgniter.php(349): CodeIgniter\CodeIgniter->handleRequest(null, Object(Config\Cache), false)
 8 FCPATH\index.php(55): CodeIgniter\CodeIgniter->run()
 9 SYSTEMPATH\Commands\Server\rewrite.php(43): require_once('FCPATH\\index.php')
CRITICAL - 2022-07-28 09:47:35 --> Cannot access offset of type string on string
in APPPATH\Views\blogVisit.php on line 15.
 1 SYSTEMPATH\View\View.php(213): include()
 2 SYSTEMPATH\View\View.php(216): CodeIgniter\View\View->CodeIgniter\View\{closure}()
 3 SYSTEMPATH\Common.php(1135): CodeIgniter\View\View->render('blogVisit', [], true)
 4 APPPATH\Controllers\blog.php(25): view('blogVisit', [...])
 5 SYSTEMPATH\CodeIgniter.php(896): App\Controllers\blog->blogVisit('23')
 6 SYSTEMPATH\CodeIgniter.php(466): CodeIgniter\CodeIgniter->runController(Object(App\Controllers\blog))
 7 SYSTEMPATH\CodeIgniter.php(349): CodeIgniter\CodeIgniter->handleRequest(null, Object(Config\Cache), false)
 8 FCPATH\index.php(55): CodeIgniter\CodeIgniter->run()
 9 SYSTEMPATH\Commands\Server\rewrite.php(43): require_once('FCPATH\\index.php')
CRITICAL - 2022-07-28 09:47:36 --> Cannot access offset of type string on string
in APPPATH\Views\blogVisit.php on line 15.
 1 SYSTEMPATH\View\View.php(213): include()
 2 SYSTEMPATH\View\View.php(216): CodeIgniter\View\View->CodeIgniter\View\{closure}()
 3 SYSTEMPATH\Common.php(1135): CodeIgniter\View\View->render('blogVisit', [], true)
 4 APPPATH\Controllers\blog.php(25): view('blogVisit', [...])
 5 SYSTEMPATH\CodeIgniter.php(896): App\Controllers\blog->blogVisit('23')
 6 SYSTEMPATH\CodeIgniter.php(466): CodeIgniter\CodeIgniter->runController(Object(App\Controllers\blog))
 7 SYSTEMPATH\CodeIgniter.php(349): CodeIgniter\CodeIgniter->handleRequest(null, Object(Config\Cache), false)
 8 FCPATH\index.php(55): CodeIgniter\CodeIgniter->run()
 9 SYSTEMPATH\Commands\Server\rewrite.php(43): require_once('FCPATH\\index.php')
CRITICAL - 2022-07-28 09:56:07 --> Cannot access offset of type string on string
in APPPATH\Views\blogVisit.php on line 15.
 1 SYSTEMPATH\View\View.php(213): include()
 2 SYSTEMPATH\View\View.php(216): CodeIgniter\View\View->CodeIgniter\View\{closure}()
 3 SYSTEMPATH\Common.php(1135): CodeIgniter\View\View->render('blogVisit', [], true)
 4 APPPATH\Controllers\blog.php(25): view('blogVisit', [...])
 5 SYSTEMPATH\CodeIgniter.php(896): App\Controllers\blog->blogVisit('1')
 6 SYSTEMPATH\CodeIgniter.php(466): CodeIgniter\CodeIgniter->runController(Object(App\Controllers\blog))
 7 SYSTEMPATH\CodeIgniter.php(349): CodeIgniter\CodeIgniter->handleRequest(null, Object(Config\Cache), false)
 8 FCPATH\index.php(55): CodeIgniter\CodeIgniter->run()
 9 SYSTEMPATH\Commands\Server\rewrite.php(43): require_once('FCPATH\\index.php')
CRITICAL - 2022-07-28 09:57:05 --> Cannot access offset of type string on string
in APPPATH\Views\blogVisit.php on line 15.
 1 SYSTEMPATH\View\View.php(213): include()
 2 SYSTEMPATH\View\View.php(216): CodeIgniter\View\View->CodeIgniter\View\{closure}()
 3 SYSTEMPATH\Common.php(1135): CodeIgniter\View\View->render('blogVisit', [], true)
 4 APPPATH\Controllers\blog.php(25): view('blogVisit', [...])
 5 SYSTEMPATH\CodeIgniter.php(896): App\Controllers\blog->blogVisit('1')
 6 SYSTEMPATH\CodeIgniter.php(466): CodeIgniter\CodeIgniter->runController(Object(App\Controllers\blog))
 7 SYSTEMPATH\CodeIgniter.php(349): CodeIgniter\CodeIgniter->handleRequest(null, Object(Config\Cache), false)
 8 FCPATH\index.php(55): CodeIgniter\CodeIgniter->run()
 9 SYSTEMPATH\Commands\Server\rewrite.php(43): require_once('FCPATH\\index.php')
CRITICAL - 2022-07-28 10:16:49 --> Call to a member function findAll() on null
in APPPATH\Controllers\story.php on line 9.
 1 SYSTEMPATH\CodeIgniter.php(896): App\Controllers\story->index()
 2 SYSTEMPATH\CodeIgniter.php(466): CodeIgniter\CodeIgniter->runController(Object(App\Controllers\story))
 3 SYSTEMPATH\CodeIgniter.php(349): CodeIgniter\CodeIgniter->handleRequest(null, Object(Config\Cache), false)
 4 FCPATH\index.php(55): CodeIgniter\CodeIgniter->run()
 5 SYSTEMPATH\Commands\Server\rewrite.php(43): require_once('FCPATH\\index.php')
CRITICAL - 2022-07-28 10:22:44 --> Cannot access offset of type string on string
in APPPATH\Views\storyVisit.php on line 15.
 1 SYSTEMPATH\View\View.php(213): include()
 2 SYSTEMPATH\View\View.php(216): CodeIgniter\View\View->CodeIgniter\View\{closure}()
 3 SYSTEMPATH\Common.php(1135): CodeIgniter\View\View->render('storyVisit', [], true)
 4 APPPATH\Controllers\story.php(25): view('storyVisit', [...])
 5 SYSTEMPATH\CodeIgniter.php(896): App\Controllers\story->storyVisit('1')
 6 SYSTEMPATH\CodeIgniter.php(466): CodeIgniter\CodeIgniter->runController(Object(App\Controllers\story))
 7 SYSTEMPATH\CodeIgniter.php(349): CodeIgniter\CodeIgniter->handleRequest(null, Object(Config\Cache), false)
 8 FCPATH\index.php(55): CodeIgniter\CodeIgniter->run()
 9 SYSTEMPATH\Commands\Server\rewrite.php(43): require_once('FCPATH\\index.php')
CRITICAL - 2022-07-28 10:23:17 --> Cannot access offset of type string on string
in APPPATH\Views\storyVisit.php on line 15.
 1 SYSTEMPATH\View\View.php(213): include()
 2 SYSTEMPATH\View\View.php(216): CodeIgniter\View\View->CodeIgniter\View\{closure}()
 3 SYSTEMPATH\Common.php(1135): CodeIgniter\View\View->render('storyVisit', [], true)
 4 APPPATH\Controllers\story.php(25): view('storyVisit', [...])
 5 SYSTEMPATH\CodeIgniter.php(896): App\Controllers\story->storyVisit('1')
 6 SYSTEMPATH\CodeIgniter.php(466): CodeIgniter\CodeIgniter->runController(Object(App\Controllers\story))
 7 SYSTEMPATH\CodeIgniter.php(349): CodeIgniter\CodeIgniter->handleRequest(null, Object(Config\Cache), false)
 8 FCPATH\index.php(55): CodeIgniter\CodeIgniter->run()
 9 SYSTEMPATH\Commands\Server\rewrite.php(43): require_once('FCPATH\\index.php')
CRITICAL - 2022-07-28 10:23:18 --> Cannot access offset of type string on string
in APPPATH\Views\storyVisit.php on line 15.
 1 SYSTEMPATH\View\View.php(213): include()
 2 SYSTEMPATH\View\View.php(216): CodeIgniter\View\View->CodeIgniter\View\{closure}()
 3 SYSTEMPATH\Common.php(1135): CodeIgniter\View\View->render('storyVisit', [], true)
 4 APPPATH\Controllers\story.php(25): view('storyVisit', [...])
 5 SYSTEMPATH\CodeIgniter.php(896): App\Controllers\story->storyVisit('1')
 6 SYSTEMPATH\CodeIgniter.php(466): CodeIgniter\CodeIgniter->runController(Object(App\Controllers\story))
 7 SYSTEMPATH\CodeIgniter.php(349): CodeIgniter\CodeIgniter->handleRequest(null, Object(Config\Cache), false)
 8 FCPATH\index.php(55): CodeIgniter\CodeIgniter->run()
 9 SYSTEMPATH\Commands\Server\rewrite.php(43): require_once('FCPATH\\index.php')
CRITICAL - 2022-07-28 10:31:03 --> Undefined variable $id
in APPPATH\Views\storyVisit.php on line 15.
 1 APPPATH\Views\storyVisit.php(15): CodeIgniter\Debug\Exceptions->errorHandler(2, 'Undefined variable $id', 'APPPATH\\Views\\storyVisit.php', 15)
 2 SYSTEMPATH\View\View.php(213): include('APPPATH\\Views\\storyVisit.php')
 3 SYSTEMPATH\View\View.php(216): CodeIgniter\View\View->CodeIgniter\View\{closure}()
 4 SYSTEMPATH\Common.php(1135): CodeIgniter\View\View->render('storyVisit', [], true)
 5 APPPATH\Controllers\story.php(25): view('storyVisit', [...])
 6 SYSTEMPATH\CodeIgniter.php(896): App\Controllers\story->storyVisit('1')
 7 SYSTEMPATH\CodeIgniter.php(466): CodeIgniter\CodeIgniter->runController(Object(App\Controllers\story))
 8 SYSTEMPATH\CodeIgniter.php(349): CodeIgniter\CodeIgniter->handleRequest(null, Object(Config\Cache), false)
 9 FCPATH\index.php(55): CodeIgniter\CodeIgniter->run()
10 SYSTEMPATH\Commands\Server\rewrite.php(43): require_once('FCPATH\\index.php')
CRITICAL - 2022-07-28 10:31:43 --> Uninitialized string offset 1
in APPPATH\Views\storyVisit.php on line 15.
 1 APPPATH\Views\storyVisit.php(15): CodeIgniter\Debug\Exceptions->errorHandler(2, 'Uninitialized string offset 1', 'APPPATH\\Views\\storyVisit.php', 15)
 2 SYSTEMPATH\View\View.php(213): include('APPPATH\\Views\\storyVisit.php')
 3 SYSTEMPATH\View\View.php(216): CodeIgniter\View\View->CodeIgniter\View\{closure}()
 4 SYSTEMPATH\Common.php(1135): CodeIgniter\View\View->render('storyVisit', [], true)
 5 APPPATH\Controllers\story.php(25): view('storyVisit', [...])
 6 SYSTEMPATH\CodeIgniter.php(896): App\Controllers\story->storyVisit('1')
 7 SYSTEMPATH\CodeIgniter.php(466): CodeIgniter\CodeIgniter->runController(Object(App\Controllers\story))
 8 SYSTEMPATH\CodeIgniter.php(349): CodeIgniter\CodeIgniter->handleRequest(null, Object(Config\Cache), false)
 9 FCPATH\index.php(55): CodeIgniter\CodeIgniter->run()
10 SYSTEMPATH\Commands\Server\rewrite.php(43): require_once('FCPATH\\index.php')
CRITICAL - 2022-07-28 10:31:44 --> Uninitialized string offset 1
in APPPATH\Views\storyVisit.php on line 15.
 1 APPPATH\Views\storyVisit.php(15): CodeIgniter\Debug\Exceptions->errorHandler(2, 'Uninitialized string offset 1', 'APPPATH\\Views\\storyVisit.php', 15)
 2 SYSTEMPATH\View\View.php(213): include('APPPATH\\Views\\storyVisit.php')
 3 SYSTEMPATH\View\View.php(216): CodeIgniter\View\View->CodeIgniter\View\{closure}()
 4 SYSTEMPATH\Common.php(1135): CodeIgniter\View\View->render('storyVisit', [], true)
 5 APPPATH\Controllers\story.php(25): view('storyVisit', [...])
 6 SYSTEMPATH\CodeIgniter.php(896): App\Controllers\story->storyVisit('1')
 7 SYSTEMPATH\CodeIgniter.php(466): CodeIgniter\CodeIgniter->runController(Object(App\Controllers\story))
 8 SYSTEMPATH\CodeIgniter.php(349): CodeIgniter\CodeIgniter->handleRequest(null, Object(Config\Cache), false)
 9 FCPATH\index.php(55): CodeIgniter\CodeIgniter->run()
10 SYSTEMPATH\Commands\Server\rewrite.php(43): require_once('FCPATH\\index.php')
CRITICAL - 2022-07-28 10:33:56 --> Cannot access offset of type string on string
in APPPATH\Views\storyVisit.php on line 15.
 1 SYSTEMPATH\View\View.php(213): include()
 2 SYSTEMPATH\View\View.php(216): CodeIgniter\View\View->CodeIgniter\View\{closure}()
 3 SYSTEMPATH\Common.php(1135): CodeIgniter\View\View->render('storyVisit', [], true)
 4 APPPATH\Controllers\story.php(25): view('storyVisit', [...])
 5 SYSTEMPATH\CodeIgniter.php(896): App\Controllers\story->storyVisit('1')
 6 SYSTEMPATH\CodeIgniter.php(466): CodeIgniter\CodeIgniter->runController(Object(App\Controllers\story))
 7 SYSTEMPATH\CodeIgniter.php(349): CodeIgniter\CodeIgniter->handleRequest(null, Object(Config\Cache), false)
 8 FCPATH\index.php(55): CodeIgniter\CodeIgniter->run()
 9 SYSTEMPATH\Commands\Server\rewrite.php(43): require_once('FCPATH\\index.php')
CRITICAL - 2022-07-28 10:33:57 --> Cannot access offset of type string on string
in APPPATH\Views\storyVisit.php on line 15.
 1 SYSTEMPATH\View\View.php(213): include()
 2 SYSTEMPATH\View\View.php(216): CodeIgniter\View\View->CodeIgniter\View\{closure}()
 3 SYSTEMPATH\Common.php(1135): CodeIgniter\View\View->render('storyVisit', [], true)
 4 APPPATH\Controllers\story.php(25): view('storyVisit', [...])
 5 SYSTEMPATH\CodeIgniter.php(896): App\Controllers\story->storyVisit('1')
 6 SYSTEMPATH\CodeIgniter.php(466): CodeIgniter\CodeIgniter->runController(Object(App\Controllers\story))
 7 SYSTEMPATH\CodeIgniter.php(349): CodeIgniter\CodeIgniter->handleRequest(null, Object(Config\Cache), false)
 8 FCPATH\index.php(55): CodeIgniter\CodeIgniter->run()
 9 SYSTEMPATH\Commands\Server\rewrite.php(43): require_once('FCPATH\\index.php')
CRITICAL - 2022-07-28 10:37:55 --> Uninitialized string offset 1
in APPPATH\Views\storyVisit.php on line 15.
 1 APPPATH\Views\storyVisit.php(15): CodeIgniter\Debug\Exceptions->errorHandler(2, 'Uninitialized string offset 1', 'APPPATH\\Views\\storyVisit.php', 15)
 2 SYSTEMPATH\View\View.php(213): include('APPPATH\\Views\\storyVisit.php')
 3 SYSTEMPATH\View\View.php(216): CodeIgniter\View\View->CodeIgniter\View\{closure}()
 4 SYSTEMPATH\Common.php(1135): CodeIgniter\View\View->render('storyVisit', [], true)
 5 APPPATH\Controllers\story.php(25): view('storyVisit', [...])
 6 SYSTEMPATH\CodeIgniter.php(896): App\Controllers\story->storyVisit('1')
 7 SYSTEMPATH\CodeIgniter.php(466): CodeIgniter\CodeIgniter->runController(Object(App\Controllers\story))
 8 SYSTEMPATH\CodeIgniter.php(349): CodeIgniter\CodeIgniter->handleRequest(null, Object(Config\Cache), false)
 9 FCPATH\index.php(55): CodeIgniter\CodeIgniter->run()
10 SYSTEMPATH\Commands\Server\rewrite.php(43): require_once('FCPATH\\index.php')
CRITICAL - 2022-07-28 10:39:01 --> Cannot access offset of type string on string
in APPPATH\Views\storyVisit.php on line 15.
 1 SYSTEMPATH\View\View.php(213): include()
 2 SYSTEMPATH\View\View.php(216): CodeIgniter\View\View->CodeIgniter\View\{closure}()
 3 SYSTEMPATH\Common.php(1135): CodeIgniter\View\View->render('storyVisit', [], true)
 4 APPPATH\Controllers\story.php(25): view('storyVisit', [...])
 5 SYSTEMPATH\CodeIgniter.php(896): App\Controllers\story->storyVisit('1')
 6 SYSTEMPATH\CodeIgniter.php(466): CodeIgniter\CodeIgniter->runController(Object(App\Controllers\story))
 7 SYSTEMPATH\CodeIgniter.php(349): CodeIgniter\CodeIgniter->handleRequest(null, Object(Config\Cache), false)
 8 FCPATH\index.php(55): CodeIgniter\CodeIgniter->run()
 9 SYSTEMPATH\Commands\Server\rewrite.php(43): require_once('FCPATH\\index.php')
CRITICAL - 2022-07-28 10:40:44 --> Cannot access offset of type string on string
in APPPATH\Views\storyVisit.php on line 18.
 1 SYSTEMPATH\View\View.php(213): include()
 2 SYSTEMPATH\View\View.php(216): CodeIgniter\View\View->CodeIgniter\View\{closure}()
 3 SYSTEMPATH\Common.php(1135): CodeIgniter\View\View->render('storyVisit', [], true)
 4 APPPATH\Controllers\story.php(25): view('storyVisit', [...])
 5 SYSTEMPATH\CodeIgniter.php(896): App\Controllers\story->storyVisit('1')
 6 SYSTEMPATH\CodeIgniter.php(466): CodeIgniter\CodeIgniter->runController(Object(App\Controllers\story))
 7 SYSTEMPATH\CodeIgniter.php(349): CodeIgniter\CodeIgniter->handleRequest(null, Object(Config\Cache), false)
 8 FCPATH\index.php(55): CodeIgniter\CodeIgniter->run()
 9 SYSTEMPATH\Commands\Server\rewrite.php(43): require_once('FCPATH\\index.php')
CRITICAL - 2022-07-28 10:42:08 --> Array to string conversion
in APPPATH\Views\storyVisit.php on line 15.
 1 APPPATH\Views\storyVisit.php(15): CodeIgniter\Debug\Exceptions->errorHandler(2, 'Array to string conversion', 'APPPATH\\Views\\storyVisit.php', 15)
 2 SYSTEMPATH\View\View.php(213): include('APPPATH\\Views\\storyVisit.php')
 3 SYSTEMPATH\View\View.php(216): CodeIgniter\View\View->CodeIgniter\View\{closure}()
 4 SYSTEMPATH\Common.php(1135): CodeIgniter\View\View->render('storyVisit', [], true)
 5 APPPATH\Controllers\story.php(25): view('storyVisit', [...])
 6 SYSTEMPATH\CodeIgniter.php(896): App\Controllers\story->storyVisit('1')
 7 SYSTEMPATH\CodeIgniter.php(466): CodeIgniter\CodeIgniter->runController(Object(App\Controllers\story))
 8 SYSTEMPATH\CodeIgniter.php(349): CodeIgniter\CodeIgniter->handleRequest(null, Object(Config\Cache), false)
 9 FCPATH\index.php(55): CodeIgniter\CodeIgniter->run()
10 SYSTEMPATH\Commands\Server\rewrite.php(43): require_once('FCPATH\\index.php')
CRITICAL - 2022-07-28 10:42:15 --> Array to string conversion
in APPPATH\Views\storyVisit.php on line 15.
 1 APPPATH\Views\storyVisit.php(15): CodeIgniter\Debug\Exceptions->errorHandler(2, 'Array to string conversion', 'APPPATH\\Views\\storyVisit.php', 15)
 2 SYSTEMPATH\View\View.php(213): include('APPPATH\\Views\\storyVisit.php')
 3 SYSTEMPATH\View\View.php(216): CodeIgniter\View\View->CodeIgniter\View\{closure}()
 4 SYSTEMPATH\Common.php(1135): CodeIgniter\View\View->render('storyVisit', [], true)
 5 APPPATH\Controllers\story.php(25): view('storyVisit', [...])
 6 SYSTEMPATH\CodeIgniter.php(896): App\Controllers\story->storyVisit('1')
 7 SYSTEMPATH\CodeIgniter.php(466): CodeIgniter\CodeIgniter->runController(Object(App\Controllers\story))
 8 SYSTEMPATH\CodeIgniter.php(349): CodeIgniter\CodeIgniter->handleRequest(null, Object(Config\Cache), false)
 9 FCPATH\index.php(55): CodeIgniter\CodeIgniter->run()
10 SYSTEMPATH\Commands\Server\rewrite.php(43): require_once('FCPATH\\index.php')
CRITICAL - 2022-07-28 10:42:25 --> Cannot access offset of type string on string
in APPPATH\Views\storyVisit.php on line 18.
 1 SYSTEMPATH\View\View.php(213): include()
 2 SYSTEMPATH\View\View.php(216): CodeIgniter\View\View->CodeIgniter\View\{closure}()
 3 SYSTEMPATH\Common.php(1135): CodeIgniter\View\View->render('storyVisit', [], true)
 4 APPPATH\Controllers\story.php(25): view('storyVisit', [...])
 5 SYSTEMPATH\CodeIgniter.php(896): App\Controllers\story->storyVisit('1')
 6 SYSTEMPATH\CodeIgniter.php(466): CodeIgniter\CodeIgniter->runController(Object(App\Controllers\story))
 7 SYSTEMPATH\CodeIgniter.php(349): CodeIgniter\CodeIgniter->handleRequest(null, Object(Config\Cache), false)
 8 FCPATH\index.php(55): CodeIgniter\CodeIgniter->run()
 9 SYSTEMPATH\Commands\Server\rewrite.php(43): require_once('FCPATH\\index.php')
CRITICAL - 2022-07-28 10:45:25 --> Cannot access offset of type string on string
in APPPATH\Views\storyVisit.php on line 18.
 1 SYSTEMPATH\View\View.php(213): include()
 2 SYSTEMPATH\View\View.php(216): CodeIgniter\View\View->CodeIgniter\View\{closure}()
 3 SYSTEMPATH\Common.php(1135): CodeIgniter\View\View->render('storyVisit', [], true)
 4 APPPATH\Controllers\story.php(25): view('storyVisit', [...])
 5 SYSTEMPATH\CodeIgniter.php(896): App\Controllers\story->storyVisit('1')
 6 SYSTEMPATH\CodeIgniter.php(466): CodeIgniter\CodeIgniter->runController(Object(App\Controllers\story))
 7 SYSTEMPATH\CodeIgniter.php(349): CodeIgniter\CodeIgniter->handleRequest(null, Object(Config\Cache), false)
 8 FCPATH\index.php(55): CodeIgniter\CodeIgniter->run()
 9 SYSTEMPATH\Commands\Server\rewrite.php(43): require_once('FCPATH\\index.php')
CRITICAL - 2022-07-28 10:51:16 --> Undefined array key "id"
in APPPATH\Views\storyVisit.php on line 15.
 1 APPPATH\Views\storyVisit.php(15): CodeIgniter\Debug\Exceptions->errorHandler(2, 'Undefined array key "id"', 'APPPATH\\Views\\storyVisit.php', 15)
 2 SYSTEMPATH\View\View.php(213): include('APPPATH\\Views\\storyVisit.php')
 3 SYSTEMPATH\View\View.php(216): CodeIgniter\View\View->CodeIgniter\View\{closure}()
 4 SYSTEMPATH\Common.php(1135): CodeIgniter\View\View->render('storyVisit', [], true)
 5 APPPATH\Controllers\story.php(25): view('storyVisit', [...])
 6 SYSTEMPATH\CodeIgniter.php(896): App\Controllers\story->storyVisit('1')
 7 SYSTEMPATH\CodeIgniter.php(466): CodeIgniter\CodeIgniter->runController(Object(App\Controllers\story))
 8 SYSTEMPATH\CodeIgniter.php(349): CodeIgniter\CodeIgniter->handleRequest(null, Object(Config\Cache), false)
 9 FCPATH\index.php(55): CodeIgniter\CodeIgniter->run()
10 SYSTEMPATH\Commands\Server\rewrite.php(43): require_once('FCPATH\\index.php')
CRITICAL - 2022-07-28 10:53:42 --> Undefined array key "id"
in APPPATH\Views\storyVisit.php on line 15.
 1 APPPATH\Views\storyVisit.php(15): CodeIgniter\Debug\Exceptions->errorHandler(2, 'Undefined array key "id"', 'APPPATH\\Views\\storyVisit.php', 15)
 2 SYSTEMPATH\View\View.php(213): include('APPPATH\\Views\\storyVisit.php')
 3 SYSTEMPATH\View\View.php(216): CodeIgniter\View\View->CodeIgniter\View\{closure}()
 4 SYSTEMPATH\Common.php(1135): CodeIgniter\View\View->render('storyVisit', [], true)
 5 APPPATH\Controllers\story.php(25): view('storyVisit', [...])
 6 SYSTEMPATH\CodeIgniter.php(896): App\Controllers\story->storyVisit('1')
 7 SYSTEMPATH\CodeIgniter.php(466): CodeIgniter\CodeIgniter->runController(Object(App\Controllers\story))
 8 SYSTEMPATH\CodeIgniter.php(349): CodeIgniter\CodeIgniter->handleRequest(null, Object(Config\Cache), false)
 9 FCPATH\index.php(55): CodeIgniter\CodeIgniter->run()
10 SYSTEMPATH\Commands\Server\rewrite.php(43): require_once('FCPATH\\index.php')
CRITICAL - 2022-07-28 10:53:43 --> Undefined array key "id"
in APPPATH\Views\storyVisit.php on line 15.
 1 APPPATH\Views\storyVisit.php(15): CodeIgniter\Debug\Exceptions->errorHandler(2, 'Undefined array key "id"', 'APPPATH\\Views\\storyVisit.php', 15)
 2 SYSTEMPATH\View\View.php(213): include('APPPATH\\Views\\storyVisit.php')
 3 SYSTEMPATH\View\View.php(216): CodeIgniter\View\View->CodeIgniter\View\{closure}()
 4 SYSTEMPATH\Common.php(1135): CodeIgniter\View\View->render('storyVisit', [], true)
 5 APPPATH\Controllers\story.php(25): view('storyVisit', [...])
 6 SYSTEMPATH\CodeIgniter.php(896): App\Controllers\story->storyVisit('1')
 7 SYSTEMPATH\CodeIgniter.php(466): CodeIgniter\CodeIgniter->runController(Object(App\Controllers\story))
 8 SYSTEMPATH\CodeIgniter.php(349): CodeIgniter\CodeIgniter->handleRequest(null, Object(Config\Cache), false)
 9 FCPATH\index.php(55): CodeIgniter\CodeIgniter->run()
10 SYSTEMPATH\Commands\Server\rewrite.php(43): require_once('FCPATH\\index.php')
CRITICAL - 2022-07-28 10:54:32 --> include(koneksi.php): Failed to open stream: No such file or directory
in APPPATH\Views\storyVisit.php on line 15.
 1 APPPATH\Views\storyVisit.php(15): CodeIgniter\Debug\Exceptions->errorHandler(2, 'include(koneksi.php): Failed to open stream: No such file or directory', 'APPPATH\\Views\\storyVisit.php', 15)
 2 APPPATH\Views\storyVisit.php(15): include()
 3 SYSTEMPATH\View\View.php(213): include('APPPATH\\Views\\storyVisit.php')
 4 SYSTEMPATH\View\View.php(216): CodeIgniter\View\View->CodeIgniter\View\{closure}()
 5 SYSTEMPATH\Common.php(1135): CodeIgniter\View\View->render('storyVisit', [], true)
 6 APPPATH\Controllers\story.php(25): view('storyVisit', [...])
 7 SYSTEMPATH\CodeIgniter.php(896): App\Controllers\story->storyVisit('1')
 8 SYSTEMPATH\CodeIgniter.php(466): CodeIgniter\CodeIgniter->runController(Object(App\Controllers\story))
 9 SYSTEMPATH\CodeIgniter.php(349): CodeIgniter\CodeIgniter->handleRequest(null, Object(Config\Cache), false)
10 FCPATH\index.php(55): CodeIgniter\CodeIgniter->run()
11 SYSTEMPATH\Commands\Server\rewrite.php(43): require_once('FCPATH\\index.php')
CRITICAL - 2022-07-28 10:54:43 --> Undefined variable $kon
in APPPATH\Views\storyVisit.php on line 15.
 1 APPPATH\Views\storyVisit.php(15): CodeIgniter\Debug\Exceptions->errorHandler(2, 'Undefined variable $kon', 'APPPATH\\Views\\storyVisit.php', 15)
 2 SYSTEMPATH\View\View.php(213): include('APPPATH\\Views\\storyVisit.php')
 3 SYSTEMPATH\View\View.php(216): CodeIgniter\View\View->CodeIgniter\View\{closure}()
 4 SYSTEMPATH\Common.php(1135): CodeIgniter\View\View->render('storyVisit', [], true)
 5 APPPATH\Controllers\story.php(25): view('storyVisit', [...])
 6 SYSTEMPATH\CodeIgniter.php(896): App\Controllers\story->storyVisit('1')
 7 SYSTEMPATH\CodeIgniter.php(466): CodeIgniter\CodeIgniter->runController(Object(App\Controllers\story))
 8 SYSTEMPATH\CodeIgniter.php(349): CodeIgniter\CodeIgniter->handleRequest(null, Object(Config\Cache), false)
 9 FCPATH\index.php(55): CodeIgniter\CodeIgniter->run()
10 SYSTEMPATH\Commands\Server\rewrite.php(43): require_once('FCPATH\\index.php')
CRITICAL - 2022-07-28 10:57:09 --> Undefined variable $id
in APPPATH\Views\storyVisit.php on line 15.
 1 APPPATH\Views\storyVisit.php(15): CodeIgniter\Debug\Exceptions->errorHandler(2, 'Undefined variable $id', 'APPPATH\\Views\\storyVisit.php', 15)
 2 SYSTEMPATH\View\View.php(213): include('APPPATH\\Views\\storyVisit.php')
 3 SYSTEMPATH\View\View.php(216): CodeIgniter\View\View->CodeIgniter\View\{closure}()
 4 SYSTEMPATH\Common.php(1135): CodeIgniter\View\View->render('storyVisit', [], true)
 5 APPPATH\Controllers\story.php(25): view('storyVisit', [...])
 6 SYSTEMPATH\CodeIgniter.php(896): App\Controllers\story->storyVisit('1')
 7 SYSTEMPATH\CodeIgniter.php(466): CodeIgniter\CodeIgniter->runController(Object(App\Controllers\story))
 8 SYSTEMPATH\CodeIgniter.php(349): CodeIgniter\CodeIgniter->handleRequest(null, Object(Config\Cache), false)
 9 FCPATH\index.php(55): CodeIgniter\CodeIgniter->run()
10 SYSTEMPATH\Commands\Server\rewrite.php(43): require_once('FCPATH\\index.php')
CRITICAL - 2022-07-28 10:57:10 --> Undefined variable $id
in APPPATH\Views\storyVisit.php on line 15.
 1 APPPATH\Views\storyVisit.php(15): CodeIgniter\Debug\Exceptions->errorHandler(2, 'Undefined variable $id', 'APPPATH\\Views\\storyVisit.php', 15)
 2 SYSTEMPATH\View\View.php(213): include('APPPATH\\Views\\storyVisit.php')
 3 SYSTEMPATH\View\View.php(216): CodeIgniter\View\View->CodeIgniter\View\{closure}()
 4 SYSTEMPATH\Common.php(1135): CodeIgniter\View\View->render('storyVisit', [], true)
 5 APPPATH\Controllers\story.php(25): view('storyVisit', [...])
 6 SYSTEMPATH\CodeIgniter.php(896): App\Controllers\story->storyVisit('1')
 7 SYSTEMPATH\CodeIgniter.php(466): CodeIgniter\CodeIgniter->runController(Object(App\Controllers\story))
 8 SYSTEMPATH\CodeIgniter.php(349): CodeIgniter\CodeIgniter->handleRequest(null, Object(Config\Cache), false)
 9 FCPATH\index.php(55): CodeIgniter\CodeIgniter->run()
10 SYSTEMPATH\Commands\Server\rewrite.php(43): require_once('FCPATH\\index.php')
CRITICAL - 2022-07-28 10:57:11 --> Undefined variable $id
in APPPATH\Views\storyVisit.php on line 15.
 1 APPPATH\Views\storyVisit.php(15): CodeIgniter\Debug\Exceptions->errorHandler(2, 'Undefined variable $id', 'APPPATH\\Views\\storyVisit.php', 15)
 2 SYSTEMPATH\View\View.php(213): include('APPPATH\\Views\\storyVisit.php')
 3 SYSTEMPATH\View\View.php(216): CodeIgniter\View\View->CodeIgniter\View\{closure}()
 4 SYSTEMPATH\Common.php(1135): CodeIgniter\View\View->render('storyVisit', [], true)
 5 APPPATH\Controllers\story.php(25): view('storyVisit', [...])
 6 SYSTEMPATH\CodeIgniter.php(896): App\Controllers\story->storyVisit('1')
 7 SYSTEMPATH\CodeIgniter.php(466): CodeIgniter\CodeIgniter->runController(Object(App\Controllers\story))
 8 SYSTEMPATH\CodeIgniter.php(349): CodeIgniter\CodeIgniter->handleRequest(null, Object(Config\Cache), false)
 9 FCPATH\index.php(55): CodeIgniter\CodeIgniter->run()
10 SYSTEMPATH\Commands\Server\rewrite.php(43): require_once('FCPATH\\index.php')
CRITICAL - 2022-07-28 10:57:11 --> Undefined variable $id
in APPPATH\Views\storyVisit.php on line 15.
 1 APPPATH\Views\storyVisit.php(15): CodeIgniter\Debug\Exceptions->errorHandler(2, 'Undefined variable $id', 'APPPATH\\Views\\storyVisit.php', 15)
 2 SYSTEMPATH\View\View.php(213): include('APPPATH\\Views\\storyVisit.php')
 3 SYSTEMPATH\View\View.php(216): CodeIgniter\View\View->CodeIgniter\View\{closure}()
 4 SYSTEMPATH\Common.php(1135): CodeIgniter\View\View->render('storyVisit', [], true)
 5 APPPATH\Controllers\story.php(25): view('storyVisit', [...])
 6 SYSTEMPATH\CodeIgniter.php(896): App\Controllers\story->storyVisit('1')
 7 SYSTEMPATH\CodeIgniter.php(466): CodeIgniter\CodeIgniter->runController(Object(App\Controllers\story))
 8 SYSTEMPATH\CodeIgniter.php(349): CodeIgniter\CodeIgniter->handleRequest(null, Object(Config\Cache), false)
 9 FCPATH\index.php(55): CodeIgniter\CodeIgniter->run()
10 SYSTEMPATH\Commands\Server\rewrite.php(43): require_once('FCPATH\\index.php')
CRITICAL - 2022-07-28 10:57:57 --> Cannot access offset of type string on string
in APPPATH\Views\storyVisit.php on line 18.
 1 SYSTEMPATH\View\View.php(213): include()
 2 SYSTEMPATH\View\View.php(216): CodeIgniter\View\View->CodeIgniter\View\{closure}()
 3 SYSTEMPATH\Common.php(1135): CodeIgniter\View\View->render('storyVisit', [], true)
 4 APPPATH\Controllers\story.php(25): view('storyVisit', [...])
 5 SYSTEMPATH\CodeIgniter.php(896): App\Controllers\story->storyVisit('1')
 6 SYSTEMPATH\CodeIgniter.php(466): CodeIgniter\CodeIgniter->runController(Object(App\Controllers\story))
 7 SYSTEMPATH\CodeIgniter.php(349): CodeIgniter\CodeIgniter->handleRequest(null, Object(Config\Cache), false)
 8 FCPATH\index.php(55): CodeIgniter\CodeIgniter->run()
 9 SYSTEMPATH\Commands\Server\rewrite.php(43): require_once('FCPATH\\index.php')
CRITICAL - 2022-07-28 10:57:57 --> Cannot access offset of type string on string
in APPPATH\Views\storyVisit.php on line 18.
 1 SYSTEMPATH\View\View.php(213): include()
 2 SYSTEMPATH\View\View.php(216): CodeIgniter\View\View->CodeIgniter\View\{closure}()
 3 SYSTEMPATH\Common.php(1135): CodeIgniter\View\View->render('storyVisit', [], true)
 4 APPPATH\Controllers\story.php(25): view('storyVisit', [...])
 5 SYSTEMPATH\CodeIgniter.php(896): App\Controllers\story->storyVisit('1')
 6 SYSTEMPATH\CodeIgniter.php(466): CodeIgniter\CodeIgniter->runController(Object(App\Controllers\story))
 7 SYSTEMPATH\CodeIgniter.php(349): CodeIgniter\CodeIgniter->handleRequest(null, Object(Config\Cache), false)
 8 FCPATH\index.php(55): CodeIgniter\CodeIgniter->run()
 9 SYSTEMPATH\Commands\Server\rewrite.php(43): require_once('FCPATH\\index.php')
CRITICAL - 2022-07-28 10:57:58 --> Cannot access offset of type string on string
in APPPATH\Views\storyVisit.php on line 18.
 1 SYSTEMPATH\View\View.php(213): include()
 2 SYSTEMPATH\View\View.php(216): CodeIgniter\View\View->CodeIgniter\View\{closure}()
 3 SYSTEMPATH\Common.php(1135): CodeIgniter\View\View->render('storyVisit', [], true)
 4 APPPATH\Controllers\story.php(25): view('storyVisit', [...])
 5 SYSTEMPATH\CodeIgniter.php(896): App\Controllers\story->storyVisit('1')
 6 SYSTEMPATH\CodeIgniter.php(466): CodeIgniter\CodeIgniter->runController(Object(App\Controllers\story))
 7 SYSTEMPATH\CodeIgniter.php(349): CodeIgniter\CodeIgniter->handleRequest(null, Object(Config\Cache), false)
 8 FCPATH\index.php(55): CodeIgniter\CodeIgniter->run()
 9 SYSTEMPATH\Commands\Server\rewrite.php(43): require_once('FCPATH\\index.php')
CRITICAL - 2022-07-28 10:58:07 --> Uninitialized string offset 1
in APPPATH\Views\storyVisit.php on line 18.
 1 APPPATH\Views\storyVisit.php(18): CodeIgniter\Debug\Exceptions->errorHandler(2, 'Uninitialized string offset 1', 'APPPATH\\Views\\storyVisit.php', 18)
 2 SYSTEMPATH\View\View.php(213): include('APPPATH\\Views\\storyVisit.php')
 3 SYSTEMPATH\View\View.php(216): CodeIgniter\View\View->CodeIgniter\View\{closure}()
 4 SYSTEMPATH\Common.php(1135): CodeIgniter\View\View->render('storyVisit', [], true)
 5 APPPATH\Controllers\story.php(25): view('storyVisit', [...])
 6 SYSTEMPATH\CodeIgniter.php(896): App\Controllers\story->storyVisit('1')
 7 SYSTEMPATH\CodeIgniter.php(466): CodeIgniter\CodeIgniter->runController(Object(App\Controllers\story))
 8 SYSTEMPATH\CodeIgniter.php(349): CodeIgniter\CodeIgniter->handleRequest(null, Object(Config\Cache), false)
 9 FCPATH\index.php(55): CodeIgniter\CodeIgniter->run()
10 SYSTEMPATH\Commands\Server\rewrite.php(43): require_once('FCPATH\\index.php')
CRITICAL - 2022-07-28 10:58:13 --> Uninitialized string offset 1
in APPPATH\Views\storyVisit.php on line 18.
 1 APPPATH\Views\storyVisit.php(18): CodeIgniter\Debug\Exceptions->errorHandler(2, 'Uninitialized string offset 1', 'APPPATH\\Views\\storyVisit.php', 18)
 2 SYSTEMPATH\View\View.php(213): include('APPPATH\\Views\\storyVisit.php')
 3 SYSTEMPATH\View\View.php(216): CodeIgniter\View\View->CodeIgniter\View\{closure}()
 4 SYSTEMPATH\Common.php(1135): CodeIgniter\View\View->render('storyVisit', [], true)
 5 APPPATH\Controllers\story.php(25): view('storyVisit', [...])
 6 SYSTEMPATH\CodeIgniter.php(896): App\Controllers\story->storyVisit('1')
 7 SYSTEMPATH\CodeIgniter.php(466): CodeIgniter\CodeIgniter->runController(Object(App\Controllers\story))
 8 SYSTEMPATH\CodeIgniter.php(349): CodeIgniter\CodeIgniter->handleRequest(null, Object(Config\Cache), false)
 9 FCPATH\index.php(55): CodeIgniter\CodeIgniter->run()
10 SYSTEMPATH\Commands\Server\rewrite.php(43): require_once('FCPATH\\index.php')
CRITICAL - 2022-07-28 10:58:14 --> Uninitialized string offset 1
in APPPATH\Views\storyVisit.php on line 18.
 1 APPPATH\Views\storyVisit.php(18): CodeIgniter\Debug\Exceptions->errorHandler(2, 'Uninitialized string offset 1', 'APPPATH\\Views\\storyVisit.php', 18)
 2 SYSTEMPATH\View\View.php(213): include('APPPATH\\Views\\storyVisit.php')
 3 SYSTEMPATH\View\View.php(216): CodeIgniter\View\View->CodeIgniter\View\{closure}()
 4 SYSTEMPATH\Common.php(1135): CodeIgniter\View\View->render('storyVisit', [], true)
 5 APPPATH\Controllers\story.php(25): view('storyVisit', [...])
 6 SYSTEMPATH\CodeIgniter.php(896): App\Controllers\story->storyVisit('1')
 7 SYSTEMPATH\CodeIgniter.php(466): CodeIgniter\CodeIgniter->runController(Object(App\Controllers\story))
 8 SYSTEMPATH\CodeIgniter.php(349): CodeIgniter\CodeIgniter->handleRequest(null, Object(Config\Cache), false)
 9 FCPATH\index.php(55): CodeIgniter\CodeIgniter->run()
10 SYSTEMPATH\Commands\Server\rewrite.php(43): require_once('FCPATH\\index.php')
CRITICAL - 2022-07-28 10:59:49 --> Array to string conversion
in APPPATH\Views\storyVisit.php on line 15.
 1 APPPATH\Views\storyVisit.php(15): CodeIgniter\Debug\Exceptions->errorHandler(2, 'Array to string conversion', 'APPPATH\\Views\\storyVisit.php', 15)
 2 SYSTEMPATH\View\View.php(213): include('APPPATH\\Views\\storyVisit.php')
 3 SYSTEMPATH\View\View.php(216): CodeIgniter\View\View->CodeIgniter\View\{closure}()
 4 SYSTEMPATH\Common.php(1135): CodeIgniter\View\View->render('storyVisit', [], true)
 5 APPPATH\Controllers\story.php(25): view('storyVisit', [...])
 6 SYSTEMPATH\CodeIgniter.php(896): App\Controllers\story->storyVisit('1')
 7 SYSTEMPATH\CodeIgniter.php(466): CodeIgniter\CodeIgniter->runController(Object(App\Controllers\story))
 8 SYSTEMPATH\CodeIgniter.php(349): CodeIgniter\CodeIgniter->handleRequest(null, Object(Config\Cache), false)
 9 FCPATH\index.php(55): CodeIgniter\CodeIgniter->run()
10 SYSTEMPATH\Commands\Server\rewrite.php(43): require_once('FCPATH\\index.php')
CRITICAL - 2022-07-28 10:59:50 --> Array to string conversion
in APPPATH\Views\storyVisit.php on line 15.
 1 APPPATH\Views\storyVisit.php(15): CodeIgniter\Debug\Exceptions->errorHandler(2, 'Array to string conversion', 'APPPATH\\Views\\storyVisit.php', 15)
 2 SYSTEMPATH\View\View.php(213): include('APPPATH\\Views\\storyVisit.php')
 3 SYSTEMPATH\View\View.php(216): CodeIgniter\View\View->CodeIgniter\View\{closure}()
 4 SYSTEMPATH\Common.php(1135): CodeIgniter\View\View->render('storyVisit', [], true)
 5 APPPATH\Controllers\story.php(25): view('storyVisit', [...])
 6 SYSTEMPATH\CodeIgniter.php(896): App\Controllers\story->storyVisit('1')
 7 SYSTEMPATH\CodeIgniter.php(466): CodeIgniter\CodeIgniter->runController(Object(App\Controllers\story))
 8 SYSTEMPATH\CodeIgniter.php(349): CodeIgniter\CodeIgniter->handleRequest(null, Object(Config\Cache), false)
 9 FCPATH\index.php(55): CodeIgniter\CodeIgniter->run()
10 SYSTEMPATH\Commands\Server\rewrite.php(43): require_once('FCPATH\\index.php')
CRITICAL - 2022-07-28 10:59:50 --> Array to string conversion
in APPPATH\Views\storyVisit.php on line 15.
 1 APPPATH\Views\storyVisit.php(15): CodeIgniter\Debug\Exceptions->errorHandler(2, 'Array to string conversion', 'APPPATH\\Views\\storyVisit.php', 15)
 2 SYSTEMPATH\View\View.php(213): include('APPPATH\\Views\\storyVisit.php')
 3 SYSTEMPATH\View\View.php(216): CodeIgniter\View\View->CodeIgniter\View\{closure}()
 4 SYSTEMPATH\Common.php(1135): CodeIgniter\View\View->render('storyVisit', [], true)
 5 APPPATH\Controllers\story.php(25): view('storyVisit', [...])
 6 SYSTEMPATH\CodeIgniter.php(896): App\Controllers\story->storyVisit('1')
 7 SYSTEMPATH\CodeIgniter.php(466): CodeIgniter\CodeIgniter->runController(Object(App\Controllers\story))
 8 SYSTEMPATH\CodeIgniter.php(349): CodeIgniter\CodeIgniter->handleRequest(null, Object(Config\Cache), false)
 9 FCPATH\index.php(55): CodeIgniter\CodeIgniter->run()
10 SYSTEMPATH\Commands\Server\rewrite.php(43): require_once('FCPATH\\index.php')
